Using pre-set license
Built from '2020.3/staging' branch; Version is '2020.3.47f1 (5ef4f5b5e2d4) revision 6223093'; Using compiler version '192528614'; Build Type 'Release'
OS: 'Windows 11  (10.0.26100) 64bit Education' Language: 'pt' Physical Memory: 15711 MB
BatchMode: 1, IsHumanControllingUs: 0, StartBugReporterOnCrash: 0, Is64bit: 1, IsPro: 0

COMMAND LINE ARGUMENTS:
C:\Program Files\Unity 2020.3.47f1\Editor\Unity.exe
-adb2
-batchMode
-noUpm
-name
AssetImportWorker0
-projectPath
C:/Users/16830893/Desktop/GameTour-ICMC
-logFile
Logs/AssetImportWorker0.log
-srvPort
64505
Successfully changed project path to: C:/Users/16830893/Desktop/GameTour-ICMC
C:/Users/16830893/Desktop/GameTour-ICMC
Using Asset Import Pipeline V2.
Player connection [9536] Host "[IP] 192.168.180.62 [Port] 1073959456 [Flags] 2 [Guid] 3108519500 [EditorId] 3108519500 [Version] 1048832 [Id] WindowsEditor(7,6-304-14) [Debug] 1 [PackageName] WindowsEditor [ProjectName] Editor" joined multi-casting on [225.0.0.222:54997]...

Player connection [9536] Host "[IP] 192.168.180.62 [Port] 1073959456 [Flags] 2 [Guid] 3108519500 [EditorId] 3108519500 [Version] 1048832 [Id] WindowsEditor(7,6-304-14) [Debug] 1 [PackageName] WindowsEditor [ProjectName] Editor" joined alternative multi-casting on [225.0.0.222:34997]...

Refreshing native plugins compatible for Editor in 49.65 ms, found 3 plugins.
Preloading 0 native plugins for Editor in 0.00 ms.
Initialize engine version: 2020.3.47f1 (5ef4f5b5e2d4)
[Subsystems] Discovering subsystems at path C:/Program Files/Unity 2020.3.47f1/Editor/Data/Resources/UnitySubsystems
[Subsystems] Discovering subsystems at path C:/Users/16830893/Desktop/GameTour-ICMC/Assets
GfxDevice: creating device client; threaded=0
Direct3D:
    Version:  Direct3D 11.0 [level 11.1]
    Renderer: Intel(R) UHD Graphics 630 (ID=0x9bc8)
    Vendor:   
    VRAM:     7855 MB
    Driver:   31.0.101.2115
Initialize mono
Mono path[0] = 'C:/Program Files/Unity 2020.3.47f1/Editor/Data/Managed'
Mono path[1] = 'C:/Program Files/Unity 2020.3.47f1/Editor/Data/MonoBleedingEdge/lib/mono/unityjit'
Mono config path = 'C:/Program Files/Unity 2020.3.47f1/Editor/Data/MonoBleedingEdge/etc'
Using monoOptions --debugger-agent=transport=dt_socket,embedding=1,server=y,suspend=n,address=127.0.0.1:56064
Begin MonoManager ReloadAssembly
Registering precompiled unity dll's ...
Register platform support module: C:/Program Files/Unity 2020.3.47f1/Editor/Data/PlaybackEngines/WindowsStandaloneSupport/UnityEditor.WindowsStandalone.Extensions.dll
Registered in 0.001405 seconds.
Native extension for WindowsStandalone target not found
Refreshing native plugins compatible for Editor in 42.68 ms, found 3 plugins.
Preloading 0 native plugins for Editor in 0.00 ms.
Mono: successfully reloaded assembly
- Completed reload, in  0.592 seconds
Domain Reload Profiling:
	ReloadAssembly (593ms)
		BeginReloadAssembly (66ms)
			ExecutionOrderSort (0ms)
			DisableScriptedObjects (0ms)
			BackupInstance (0ms)
			ReleaseScriptingObjects (0ms)
			CreateAndSetChildDomain (1ms)
		EndReloadAssembly (457ms)
			LoadAssemblies (64ms)
			RebuildTransferFunctionScriptingTraits (0ms)
			SetupTypeCache (172ms)
			ReleaseScriptCaches (0ms)
			RebuildScriptCaches (28ms)
			SetupLoadedEditorAssemblies (156ms)
				LogAssemblyErrors (0ms)
				InitializePlatformSupportModulesInManaged (4ms)
				SetLoadedEditorAssemblies (0ms)
				RefreshPlugins (43ms)
				BeforeProcessingInitializeOnLoad (7ms)
				ProcessInitializeOnLoadAttributes (75ms)
				ProcessInitializeOnLoadMethodAttributes (26ms)
				AfterProcessingInitializeOnLoad (0ms)
				EditorAssembliesLoaded (0ms)
			ExecutionOrderSort2 (0ms)
			AwakeInstancesAfterBackupRestoration (0ms)
Platform modules already initialized, skipping
Registering precompiled user dll's ...
Registered in 0.004112 seconds.
Begin MonoManager ReloadAssembly
Native extension for WindowsStandalone target not found
Refreshing native plugins compatible for Editor in 35.72 ms, found 3 plugins.
Preloading 0 native plugins for Editor in 0.00 ms.
Mono: successfully reloaded assembly
- Completed reload, in  1.000 seconds
Domain Reload Profiling:
	ReloadAssembly (1000ms)
		BeginReloadAssembly (135ms)
			ExecutionOrderSort (0ms)
			DisableScriptedObjects (4ms)
			BackupInstance (0ms)
			ReleaseScriptingObjects (0ms)
			CreateAndSetChildDomain (18ms)
		EndReloadAssembly (810ms)
			LoadAssemblies (93ms)
			RebuildTransferFunctionScriptingTraits (0ms)
			SetupTypeCache (288ms)
			ReleaseScriptCaches (0ms)
			RebuildScriptCaches (47ms)
			SetupLoadedEditorAssemblies (299ms)
				LogAssemblyErrors (0ms)
				InitializePlatformSupportModulesInManaged (3ms)
				SetLoadedEditorAssemblies (0ms)
				RefreshPlugins (36ms)
				BeforeProcessingInitializeOnLoad (54ms)
				ProcessInitializeOnLoadAttributes (188ms)
				ProcessInitializeOnLoadMethodAttributes (13ms)
				AfterProcessingInitializeOnLoad (4ms)
				EditorAssembliesLoaded (0ms)
			ExecutionOrderSort2 (0ms)
			AwakeInstancesAfterBackupRestoration (2ms)
Platform modules already initialized, skipping
========================================================================
Worker process is ready to serve import requests
Launched and connected shader compiler UnityShaderCompiler.exe after 0.04 seconds
Refreshing native plugins compatible for Editor in 0.43 ms, found 3 plugins.
Preloading 0 native plugins for Editor in 0.00 ms.
Unloading 2182 Unused Serialized files (Serialized files now loaded: 0)
System memory in use before: 99.3 MB.
System memory in use after: 99.4 MB.

Unloading 26 unused Assets to reduce memory usage. Loaded Objects now: 2621.
Total: 2.596200 ms (FindLiveObjects: 0.169800 ms CreateObjectMapping: 0.069800 ms MarkObjects: 2.292800 ms  DeleteObjects: 0.063300 ms)

AssetImportParameters requested are different than current active one (requested -> active):
  custom:framework-win-MediaFoundation: 216162199b28c13a410421893ffa2e32 -> 
  custom:video-decoder-ogg-theora: a1e56fd34408186e4bbccfd4996cb3dc -> 
  custom:container-muxer-webm: aa71ff27fc2769a1b78a27578f13a17b -> 
  custom:container-demuxer-webm: 4f35f7cbe854078d1ac9338744f61a02 -> 
  custom:container-demuxer-ogg: 62fdf1f143b41e24485cea50d1cbac27 -> 
  custom:video-encoder-webm-vp8: eb34c28f22e8b96e1ab97ce403110664 -> 
  custom:video-decoder-webm-vp8: 9c59270c3fd7afecdb556c50c9e8de78 -> 
  custom:audio-decoder-ogg-vorbis: bf7c407c2cedff20999df2af8eb42d56 -> 
  custom:audio-encoder-webm-vorbis: bf7c407c2cedff20999df2af8eb42d56 -> 
========================================================================
Received Import Request.
  path: Assets/Scripts/Dialogue/ComputerSpace.asset
  artifactKey: Guid(fd05aadeb0aa3a844b2643bc4ec692d9) Importer(815301076,1909f56bfc062723c751e8b465ee728b)
Start importing Assets/Scripts/Dialogue/ComputerSpace.asset using Guid(fd05aadeb0aa3a844b2643bc4ec692d9) Importer(815301076,1909f56bfc062723c751e8b465ee728b)  -> (artifact id: '2196509822a41feddbf525913e5c1e9c') in 0.034810 seconds 
========================================================================
Received Import Request.
  Time since last request: 0.000331 seconds.
  path: Assets/Scripts/Dialogue/TennisForTwo.asset
  artifactKey: Guid(102af085332fdf14a8c1eb45c9775de7) Importer(815301076,1909f56bfc062723c751e8b465ee728b)
Start importing Assets/Scripts/Dialogue/TennisForTwo.asset using Guid(102af085332fdf14a8c1eb45c9775de7) Importer(815301076,1909f56bfc062723c751e8b465ee728b)  -> (artifact id: 'd8ba56167b4bddd39b1666033ce062d3') in 0.015361 seconds 
========================================================================
Received Import Request.
  Time since last request: 17.407188 seconds.
  path: Assets/Fonts
  artifactKey: Guid(1d639b615cb6756408cad6f62327d7ee) Importer(815301076,1909f56bfc062723c751e8b465ee728b)
Start importing Assets/Fonts using Guid(1d639b615cb6756408cad6f62327d7ee) Importer(815301076,1909f56bfc062723c751e8b465ee728b)  -> (artifact id: 'ead44572cc13f440c12233609e2a2c58') in 0.009462 seconds 
========================================================================
Received Import Request.
  Time since last request: 1.402429 seconds.
  path: Assets/Scenes
  artifactKey: Guid(2b3296a4efdac6347af4489e7c0915d6) Importer(815301076,1909f56bfc062723c751e8b465ee728b)
Start importing Assets/Scenes using Guid(2b3296a4efdac6347af4489e7c0915d6) Importer(815301076,1909f56bfc062723c751e8b465ee728b)  -> (artifact id: 'a0b375b98bc325523bc88e01ab014135') in 0.018997 seconds 
========================================================================
Received Import Request.
  Time since last request: 1.144765 seconds.
  path: Assets/Scenes/Museum
  artifactKey: Guid(1d6928145c1d02d4a84b41ce1cb77bb4) Importer(815301076,1909f56bfc062723c751e8b465ee728b)
Start importing Assets/Scenes/Museum using Guid(1d6928145c1d02d4a84b41ce1cb77bb4) Importer(815301076,1909f56bfc062723c751e8b465ee728b)  -> (artifact id: '0161f79901a65680990ff0b20aea8df0') in 0.016585 seconds 
========================================================================
Received Import Request.
  Time since last request: 0.070392 seconds.
  path: Assets/Scenes/Museum/museu_t2.asset
  artifactKey: Guid(2c33d5a5fb21b8245b3d65e073ea2f90) Importer(815301076,1909f56bfc062723c751e8b465ee728b)
Start importing Assets/Scenes/Museum/museu_t2.asset using Guid(2c33d5a5fb21b8245b3d65e073ea2f90) Importer(815301076,1909f56bfc062723c751e8b465ee728b)  -> (artifact id: '5cf86004fd6ec2a877ae85ef24f2b72b') in 0.059581 seconds 
========================================================================
Received Import Request.
  Time since last request: 0.000342 seconds.
  path: Assets/Scenes/Museum/museu_tileset_16.asset
  artifactKey: Guid(1df41683b13371c44bf5ab313f586d54) Importer(815301076,1909f56bfc062723c751e8b465ee728b)
Start importing Assets/Scenes/Museum/museu_tileset_16.asset using Guid(1df41683b13371c44bf5ab313f586d54) Importer(815301076,1909f56bfc062723c751e8b465ee728b)  -> (artifact id: 'a5e0f5f37d8b64cbd0b516b9646adb41') in 0.025659 seconds 
========================================================================
Received Import Request.
  Time since last request: 0.000276 seconds.
  path: Assets/Scenes/Museum/museu_tileset_8.asset
  artifactKey: Guid(c6fd26df8786a6f489276f3a54389f3d) Importer(815301076,1909f56bfc062723c751e8b465ee728b)
Start importing Assets/Scenes/Museum/museu_tileset_8.asset using Guid(c6fd26df8786a6f489276f3a54389f3d) Importer(815301076,1909f56bfc062723c751e8b465ee728b)  -> (artifact id: '54a9a95603b06b61b64633224076b19a') in 0.021950 seconds 
========================================================================
Received Import Request.
  Time since last request: 0.000272 seconds.
  path: Assets/Scenes/Museum/museu_tileset_15.asset
  artifactKey: Guid(bf250ea0fae406c42bb6d7233d5d2c90) Importer(815301076,1909f56bfc062723c751e8b465ee728b)
Start importing Assets/Scenes/Museum/museu_tileset_15.asset using Guid(bf250ea0fae406c42bb6d7233d5d2c90) Importer(815301076,1909f56bfc062723c751e8b465ee728b)  -> (artifact id: 'edeb97d975901c9d89d5b01acf08f0ee') in 0.021916 seconds 
========================================================================
Received Import Request.
  Time since last request: 0.000509 seconds.
  path: Assets/Scenes/Museum/Museum.prefab
  artifactKey: Guid(4d3bcd7c18108e542be4a66d699d1511) Importer(815301076,1909f56bfc062723c751e8b465ee728b)
Start importing Assets/Scenes/Museum/Museum.prefab using Guid(4d3bcd7c18108e542be4a66d699d1511) Importer(815301076,1909f56bfc062723c751e8b465ee728b)  -> (artifact id: '50c02f53b481aef867443e56bd21b733') in 0.059192 seconds 
========================================================================
Received Import Request.
  Time since last request: 0.000222 seconds.
  path: Assets/Scenes/Museum/museu_tileset_4.asset
  artifactKey: Guid(ecb3cb6769c6a094ab47a28a9c857846) Importer(815301076,1909f56bfc062723c751e8b465ee728b)
Start importing Assets/Scenes/Museum/museu_tileset_4.asset using Guid(ecb3cb6769c6a094ab47a28a9c857846) Importer(815301076,1909f56bfc062723c751e8b465ee728b)  -> (artifact id: '13c491fcc20cc40bcacf4fe10fced875') in 0.020714 seconds 
========================================================================
Received Import Request.
  Time since last request: 0.000436 seconds.
  path: Assets/Scenes/Museum/museu_tileset_10.asset
  artifactKey: Guid(f52bc7040d4a2c243a0f5637d3ccb831) Importer(815301076,1909f56bfc062723c751e8b465ee728b)
Start importing Assets/Scenes/Museum/museu_tileset_10.asset using Guid(f52bc7040d4a2c243a0f5637d3ccb831) Importer(815301076,1909f56bfc062723c751e8b465ee728b)  -> (artifact id: 'b01b7e1bd9410c05ea9ab34a4447e3f7') in 0.020900 seconds 
========================================================================
Received Import Request.
  Time since last request: 0.000365 seconds.
  path: Assets/Scenes/Museum/museu_tileset_14.asset
  artifactKey: Guid(9792b9e605eb15a4baf869c0b889d665) Importer(815301076,1909f56bfc062723c751e8b465ee728b)
Start importing Assets/Scenes/Museum/museu_tileset_14.asset using Guid(9792b9e605eb15a4baf869c0b889d665) Importer(815301076,1909f56bfc062723c751e8b465ee728b)  -> (artifact id: '4a9f069ebfc1aaf6946188e4a53fabda') in 0.024368 seconds 
========================================================================
Received Import Request.
  Time since last request: 0.000339 seconds.
  path: Assets/Scenes/Museum/museu_tileset_5.asset
  artifactKey: Guid(36c40d60f6bdcca4bbcf2f91350d1859) Importer(815301076,1909f56bfc062723c751e8b465ee728b)
Start importing Assets/Scenes/Museum/museu_tileset_5.asset using Guid(36c40d60f6bdcca4bbcf2f91350d1859) Importer(815301076,1909f56bfc062723c751e8b465ee728b)  -> (artifact id: '7f77dfde82dd29892e800ada95904fe8') in 0.025209 seconds 
========================================================================
Received Import Request.
  Time since last request: 0.000244 seconds.
  path: Assets/Scenes/Museum/museu_tileset_13.asset
  artifactKey: Guid(329635be796f7d2429127639131871f5) Importer(815301076,1909f56bfc062723c751e8b465ee728b)
Start importing Assets/Scenes/Museum/museu_tileset_13.asset using Guid(329635be796f7d2429127639131871f5) Importer(815301076,1909f56bfc062723c751e8b465ee728b)  -> (artifact id: 'c4328ab8890f65a73ebb02769a1c5398') in 0.024833 seconds 
========================================================================
Received Import Request.
  Time since last request: 0.000349 seconds.
  path: Assets/Scenes/Museum/museu_tileset_19.asset
  artifactKey: Guid(eaed579228ad09b448822fb6ce45b5c6) Importer(815301076,1909f56bfc062723c751e8b465ee728b)
Start importing Assets/Scenes/Museum/museu_tileset_19.asset using Guid(eaed579228ad09b448822fb6ce45b5c6) Importer(815301076,1909f56bfc062723c751e8b465ee728b)  -> (artifact id: 'ac388fdd32e5e8bac4f90e2e38c53c9b') in 0.025422 seconds 
========================================================================
Received Import Request.
  Time since last request: 0.000195 seconds.
  path: Assets/Scenes/Museum/museu_tileset.png
  artifactKey: Guid(d522746babb963640b179836e5ffd66f) Importer(815301076,1909f56bfc062723c751e8b465ee728b)
Start importing Assets/Scenes/Museum/museu_tileset.png using Guid(d522746babb963640b179836e5ffd66f) Importer(815301076,1909f56bfc062723c751e8b465ee728b)  -> (artifact id: 'b4d067300f69d2eaa08d90f16fd19351') in 0.082948 seconds 
========================================================================
Received Import Request.
  Time since last request: 0.000224 seconds.
  path: Assets/Scenes/Museum/museu_tileset_2.asset
  artifactKey: Guid(d66bb5fbb5120104ab2a58708ec8b438) Importer(815301076,1909f56bfc062723c751e8b465ee728b)
Start importing Assets/Scenes/Museum/museu_tileset_2.asset using Guid(d66bb5fbb5120104ab2a58708ec8b438) Importer(815301076,1909f56bfc062723c751e8b465ee728b)  -> (artifact id: 'f80aadddc25c16297b1204acfcf66296') in 0.020289 seconds 
========================================================================
Received Import Request.
  Time since last request: 0.000187 seconds.
  path: Assets/Scenes/Museum/museu_tileset_9.asset
  artifactKey: Guid(7e7aed15851c2d545b9d88ab849ccd9d) Importer(815301076,1909f56bfc062723c751e8b465ee728b)
Start importing Assets/Scenes/Museum/museu_tileset_9.asset using Guid(7e7aed15851c2d545b9d88ab849ccd9d) Importer(815301076,1909f56bfc062723c751e8b465ee728b)  -> (artifact id: '518f6f437bcde8cf7a44fdc7ada65fdd') in 0.018381 seconds 
========================================================================
Received Import Request.
  Time since last request: 0.000219 seconds.
  path: Assets/Scenes/Museum/museu_tileset_0.asset
  artifactKey: Guid(ab20fd6c927f53d4497aef83c2dabf6d) Importer(815301076,1909f56bfc062723c751e8b465ee728b)
Start importing Assets/Scenes/Museum/museu_tileset_0.asset using Guid(ab20fd6c927f53d4497aef83c2dabf6d) Importer(815301076,1909f56bfc062723c751e8b465ee728b)  -> (artifact id: 'a53dfafefbbe191dd3961996b262816a') in 0.019987 seconds 
========================================================================
Received Import Request.
  Time since last request: 0.000234 seconds.
  path: Assets/Scenes/Museum/museu_tileset_1.asset
  artifactKey: Guid(57ad9680a04f07d489f30d97c7d3373f) Importer(815301076,1909f56bfc062723c751e8b465ee728b)
Start importing Assets/Scenes/Museum/museu_tileset_1.asset using Guid(57ad9680a04f07d489f30d97c7d3373f) Importer(815301076,1909f56bfc062723c751e8b465ee728b)  -> (artifact id: '50d29297c859401ca8dc9071bb7636ba') in 0.020198 seconds 
========================================================================
Received Import Request.
  Time since last request: 0.000256 seconds.
  path: Assets/Scenes/Museum/museu_tileset_11.asset
  artifactKey: Guid(e4c24b4f298c0664596586268e941d6c) Importer(815301076,1909f56bfc062723c751e8b465ee728b)
Start importing Assets/Scenes/Museum/museu_tileset_11.asset using Guid(e4c24b4f298c0664596586268e941d6c) Importer(815301076,1909f56bfc062723c751e8b465ee728b)  -> (artifact id: '70cc0e45ceee787697a91e1decf9b1c5') in 0.023313 seconds 
========================================================================
Received Import Request.
  Time since last request: 0.000188 seconds.
  path: Assets/Scenes/Museum/museu_tileset_6.asset
  artifactKey: Guid(8b36301dc1ae00349b2474858b0d9318) Importer(815301076,1909f56bfc062723c751e8b465ee728b)
Start importing Assets/Scenes/Museum/museu_tileset_6.asset using Guid(8b36301dc1ae00349b2474858b0d9318) Importer(815301076,1909f56bfc062723c751e8b465ee728b)  -> (artifact id: '6296feaecb96911648261211749fcd49') in 0.019997 seconds 
========================================================================
Received Import Request.
  Time since last request: 0.000189 seconds.
  path: Assets/Scenes/Museum/museu_tileset_12.asset
  artifactKey: Guid(fd7a025190a16444aa602748b439a45a) Importer(815301076,1909f56bfc062723c751e8b465ee728b)
Start importing Assets/Scenes/Museum/museu_tileset_12.asset using Guid(fd7a025190a16444aa602748b439a45a) Importer(815301076,1909f56bfc062723c751e8b465ee728b)  -> (artifact id: '330e81816d323ce4961260ed74fcff6b') in 0.022132 seconds 
========================================================================
Received Import Request.
  Time since last request: 0.000213 seconds.
  path: Assets/Scenes/Museum/museu_t2.png
  artifactKey: Guid(ea90d34c3a0c7c3448eedc3966aa9359) Importer(815301076,1909f56bfc062723c751e8b465ee728b)
Start importing Assets/Scenes/Museum/museu_t2.png using Guid(ea90d34c3a0c7c3448eedc3966aa9359) Importer(815301076,1909f56bfc062723c751e8b465ee728b)  -> (artifact id: 'a2ba6bc7c89696fa019b62d8ccda2740') in 0.018695 seconds 
========================================================================
Received Import Request.
  Time since last request: 0.000201 seconds.
  path: Assets/Scenes/Museum/museu_tileset_3.asset
  artifactKey: Guid(b4ef165a4b0cbdd4187079c98ee4d7b0) Importer(815301076,1909f56bfc062723c751e8b465ee728b)
Start importing Assets/Scenes/Museum/museu_tileset_3.asset using Guid(b4ef165a4b0cbdd4187079c98ee4d7b0) Importer(815301076,1909f56bfc062723c751e8b465ee728b)  -> (artifact id: 'e6951d360556968e7b712520372767dc') in 0.020519 seconds 
========================================================================
Received Import Request.
  Time since last request: 0.000477 seconds.
  path: Assets/Scenes/Museum/museu_tileset_18.asset
  artifactKey: Guid(7bfa8cad3976cc441ab466f21880d57e) Importer(815301076,1909f56bfc062723c751e8b465ee728b)
Start importing Assets/Scenes/Museum/museu_tileset_18.asset using Guid(7bfa8cad3976cc441ab466f21880d57e) Importer(815301076,1909f56bfc062723c751e8b465ee728b)  -> (artifact id: '53ed65528d4750b55ad43f4536734dd7') in 0.026288 seconds 
========================================================================
Received Import Request.
  Time since last request: 0.000264 seconds.
  path: Assets/Scenes/Museum/museu_tileset_20.asset
  artifactKey: Guid(bc37dab6c1738314ea61fcd36c2ebd9e) Importer(815301076,1909f56bfc062723c751e8b465ee728b)
Start importing Assets/Scenes/Museum/museu_tileset_20.asset using Guid(bc37dab6c1738314ea61fcd36c2ebd9e) Importer(815301076,1909f56bfc062723c751e8b465ee728b)  -> (artifact id: '52a23cbceba0ddfab4d2860f27c332e2') in 0.039045 seconds 
========================================================================
Received Import Request.
  Time since last request: 0.000319 seconds.
  path: Assets/Scenes/Museum/museu_tileset_7.asset
  artifactKey: Guid(41eea7113d5bd2b4ab56048feae79764) Importer(815301076,1909f56bfc062723c751e8b465ee728b)
Start importing Assets/Scenes/Museum/museu_tileset_7.asset using Guid(41eea7113d5bd2b4ab56048feae79764) Importer(815301076,1909f56bfc062723c751e8b465ee728b)  -> (artifact id: '841892dfcb69651c7dbdd273e27b8216') in 0.034966 seconds 
========================================================================
Received Import Request.
  Time since last request: 0.000350 seconds.
  path: Assets/Scenes/Museum/museu_tileset_17.asset
  artifactKey: Guid(2c7c52ca6613b3b4c8a59eb0eb96220c) Importer(815301076,1909f56bfc062723c751e8b465ee728b)
Start importing Assets/Scenes/Museum/museu_tileset_17.asset using Guid(2c7c52ca6613b3b4c8a59eb0eb96220c) Importer(815301076,1909f56bfc062723c751e8b465ee728b)  -> (artifact id: 'bc15721ea46a8e673bd42c32e07dc8df') in 0.033621 seconds 
========================================================================
Received Import Request.
  Time since last request: 0.000429 seconds.
  path: Assets/Scenes/Museum/museu_tileset_21.asset
  artifactKey: Guid(57ddc9a6cfb534e45853454358aa6849) Importer(815301076,1909f56bfc062723c751e8b465ee728b)
Start importing Assets/Scenes/Museum/museu_tileset_21.asset using Guid(57ddc9a6cfb534e45853454358aa6849) Importer(815301076,1909f56bfc062723c751e8b465ee728b)  -> (artifact id: '66ee667ec44d0c975f21551c31f7af34') in 0.033808 seconds 
========================================================================
Received Import Request.
  Time since last request: 0.000450 seconds.
  path: Assets/Scenes/Museum/museu_tileset_22.asset
  artifactKey: Guid(26cbe07e81c5cfa409a3c575f066e414) Importer(815301076,1909f56bfc062723c751e8b465ee728b)
Start importing Assets/Scenes/Museum/museu_tileset_22.asset using Guid(26cbe07e81c5cfa409a3c575f066e414) Importer(815301076,1909f56bfc062723c751e8b465ee728b)  -> (artifact id: '109c4e0c830fa5c0889b398ad45110e0') in 0.032112 seconds 
========================================================================
Received Import Request.
  Time since last request: 4.828951 seconds.
  path: Assets/Scenes/Museum/museu_t2.asset
  artifactKey: Guid(2c33d5a5fb21b8245b3d65e073ea2f90) Importer(815301076,1909f56bfc062723c751e8b465ee728b)
Start importing Assets/Scenes/Museum/museu_t2.asset using Guid(2c33d5a5fb21b8245b3d65e073ea2f90) Importer(815301076,1909f56bfc062723c751e8b465ee728b)  -> (artifact id: '6477b832601e0d440ce51f231f7a24bd') in 0.005046 seconds 
========================================================================
Received Import Request.
  Time since last request: 0.000259 seconds.
  path: Assets/Scenes/Museum/Museum.prefab
  artifactKey: Guid(4d3bcd7c18108e542be4a66d699d1511) Importer(815301076,1909f56bfc062723c751e8b465ee728b)
Start importing Assets/Scenes/Museum/Museum.prefab using Guid(4d3bcd7c18108e542be4a66d699d1511) Importer(815301076,1909f56bfc062723c751e8b465ee728b)  -> (artifact id: 'b31bed2f351cda6440d713744ab18375') in 0.020835 seconds 
========================================================================
Received Import Request.
  Time since last request: 2.603573 seconds.
  path: Assets/Scenes/Museum/Museum.prefab
  artifactKey: Guid(4d3bcd7c18108e542be4a66d699d1511) Importer(815301076,1909f56bfc062723c751e8b465ee728b)
Start importing Assets/Scenes/Museum/Museum.prefab using Guid(4d3bcd7c18108e542be4a66d699d1511) Importer(815301076,1909f56bfc062723c751e8b465ee728b)  -> (artifact id: '763ea9aa4daba17f7711859c8d63a657') in 0.023666 seconds 
========================================================================
Received Import Request.
  Time since last request: 72.317698 seconds.
  path: Assets/Scenes/Museum/pixil-frame-0.png
  artifactKey: Guid(285108ba263b11d48b8d9d320eed29b3) Importer(815301076,1909f56bfc062723c751e8b465ee728b)
Start importing Assets/Scenes/Museum/pixil-frame-0.png using Guid(285108ba263b11d48b8d9d320eed29b3) Importer(815301076,1909f56bfc062723c751e8b465ee728b)  -> (artifact id: '830766ae5f218898347795e300a5c363') in 0.020308 seconds 
========================================================================
Received Import Request.
  Time since last request: 11.295604 seconds.
  path: Assets/Scenes/Museum/old
  artifactKey: Guid(c99c94a8aadd73e45baebf67ab6530aa) Importer(815301076,1909f56bfc062723c751e8b465ee728b)
Start importing Assets/Scenes/Museum/old using Guid(c99c94a8aadd73e45baebf67ab6530aa) Importer(815301076,1909f56bfc062723c751e8b465ee728b)  -> (artifact id: '0d1acf81a3511ce772db313893f50d12') in 0.014519 seconds 
========================================================================
Received Import Request.
  Time since last request: 20.783593 seconds.
  path: Assets/Scenes/Museum/pixil-frame-0.png
  artifactKey: Guid(285108ba263b11d48b8d9d320eed29b3) Importer(815301076,1909f56bfc062723c751e8b465ee728b)
Start importing Assets/Scenes/Museum/pixil-frame-0.png using Guid(285108ba263b11d48b8d9d320eed29b3) Importer(815301076,1909f56bfc062723c751e8b465ee728b)  -> (artifact id: 'ee961e71438d91d81a928c293ce80a1a') in 0.016872 seconds 
========================================================================
Received Import Request.
  Time since last request: 29.446931 seconds.
  path: Assets/Scenes/Museum/pixil-frame-0.png
  artifactKey: Guid(285108ba263b11d48b8d9d320eed29b3) Importer(815301076,1909f56bfc062723c751e8b465ee728b)
Start importing Assets/Scenes/Museum/pixil-frame-0.png using Guid(285108ba263b11d48b8d9d320eed29b3) Importer(815301076,1909f56bfc062723c751e8b465ee728b)  -> (artifact id: 'f84e4f51bdd37318f13afdd577c2697a') in 0.063806 seconds 
========================================================================
Received Import Request.
  Time since last request: 31.731025 seconds.
  path: Assets/Sprite
  artifactKey: Guid(97d5c70d80b3fee4f89c2c593623ca62) Importer(815301076,1909f56bfc062723c751e8b465ee728b)
Start importing Assets/Sprite using Guid(97d5c70d80b3fee4f89c2c593623ca62) Importer(815301076,1909f56bfc062723c751e8b465ee728b)  -> (artifact id: 'c0fccfdcd01c36a9843139ab257374f2') in 0.016058 seconds 
========================================================================
Received Import Request.
  Time since last request: 0.401703 seconds.
  path: Assets/Scripts
  artifactKey: Guid(f807308a876a10942856ff1989e73c91) Importer(815301076,1909f56bfc062723c751e8b465ee728b)
Start importing Assets/Scripts using Guid(f807308a876a10942856ff1989e73c91) Importer(815301076,1909f56bfc062723c751e8b465ee728b)  -> (artifact id: 'db47f1be91b8aa0618b193d363b0550b') in 0.014138 seconds 
========================================================================
Received Import Request.
  Time since last request: 6.149021 seconds.
  path: Assets/Sprite/collection
  artifactKey: Guid(eaaf067a5c82d4940adfe7e99f8c842d) Importer(815301076,1909f56bfc062723c751e8b465ee728b)
Start importing Assets/Sprite/collection using Guid(eaaf067a5c82d4940adfe7e99f8c842d) Importer(815301076,1909f56bfc062723c751e8b465ee728b)  -> (artifact id: '6f501d3b6fa351202173800d2aa9f29a') in 0.017297 seconds 
========================================================================
Received Import Request.
  Time since last request: 0.040330 seconds.
  path: Assets/Sprite/collection/donner.png
  artifactKey: Guid(b821e74af60827c41a5afdf49011f1eb) Importer(815301076,1909f56bfc062723c751e8b465ee728b)
Start importing Assets/Sprite/collection/donner.png using Guid(b821e74af60827c41a5afdf49011f1eb) Importer(815301076,1909f56bfc062723c751e8b465ee728b)  -> (artifact id: '7c3fdfa14e23349dd626fd29052b750a') in 0.023170 seconds 
========================================================================
Received Import Request.
  Time since last request: 5.122865 seconds.
  path: Assets/Sprite/collection/donner.png
  artifactKey: Guid(b821e74af60827c41a5afdf49011f1eb) Importer(815301076,1909f56bfc062723c751e8b465ee728b)
Start importing Assets/Sprite/collection/donner.png using Guid(b821e74af60827c41a5afdf49011f1eb) Importer(815301076,1909f56bfc062723c751e8b465ee728b)  -> (artifact id: 'a618655e90a936b1eb3bc54724d1e5d4') in 0.020209 seconds 
========================================================================
Received Import Request.
  Time since last request: 6.344025 seconds.
  path: Assets/Sprite/collection/donner.png
  artifactKey: Guid(b821e74af60827c41a5afdf49011f1eb) Importer(815301076,1909f56bfc062723c751e8b465ee728b)
Start importing Assets/Sprite/collection/donner.png using Guid(b821e74af60827c41a5afdf49011f1eb) Importer(815301076,1909f56bfc062723c751e8b465ee728b)  -> (artifact id: '8e3696c6dc81946b8e82e772e93e79de') in 0.010126 seconds 
========================================================================
Received Import Request.
  Time since last request: 70.223266 seconds.
  path: Assets/Sprite/collection/donner.png
  artifactKey: Guid(b821e74af60827c41a5afdf49011f1eb) Importer(815301076,1909f56bfc062723c751e8b465ee728b)
Start importing Assets/Sprite/collection/donner.png using Guid(b821e74af60827c41a5afdf49011f1eb) Importer(815301076,1909f56bfc062723c751e8b465ee728b)  -> (artifact id: 'ed4fdd8d021c1cbeb9553ed849ad7dee') in 0.010257 seconds 
========================================================================
Received Import Request.
  Time since last request: 126.830418 seconds.
  path: Assets/Sprite/objects
  artifactKey: Guid(d236c73500915b648aef5b80d6f995f7) Importer(815301076,1909f56bfc062723c751e8b465ee728b)
Start importing Assets/Sprite/objects using Guid(d236c73500915b648aef5b80d6f995f7) Importer(815301076,1909f56bfc062723c751e8b465ee728b)  -> (artifact id: '71f3352694ffc21499fbcd8926229fa8') in 0.024714 seconds 
========================================================================
Received Import Request.
  Time since last request: 0.029724 seconds.
  path: Assets/Sprite/objects/mesa-2x1,5.png
  artifactKey: Guid(be4a3d4684514b743b5d1c19cb41a9ad) Importer(815301076,1909f56bfc062723c751e8b465ee728b)
Start importing Assets/Sprite/objects/mesa-2x1,5.png using Guid(be4a3d4684514b743b5d1c19cb41a9ad) Importer(815301076,1909f56bfc062723c751e8b465ee728b)  -> (artifact id: 'd9b0cb55195ad5edd5d00fcc2a84ab3f') in 0.034601 seconds 
========================================================================
Received Import Request.
  Time since last request: 10.639354 seconds.
  path: Assets/Sprite/objects/mesa-2x1,5.png
  artifactKey: Guid(be4a3d4684514b743b5d1c19cb41a9ad) Importer(815301076,1909f56bfc062723c751e8b465ee728b)
Start importing Assets/Sprite/objects/mesa-2x1,5.png using Guid(be4a3d4684514b743b5d1c19cb41a9ad) Importer(815301076,1909f56bfc062723c751e8b465ee728b)  -> (artifact id: 'e93018c2ece7f3973002109ff4c0d25b') in 0.021794 seconds 
========================================================================
Received Prepare
Registering precompiled user dll's ...
Registered in 0.003206 seconds.
Begin MonoManager ReloadAssembly
Native extension for WindowsStandalone target not found
Refreshing native plugins compatible for Editor in 0.54 ms, found 3 plugins.
Preloading 0 native plugins for Editor in 0.00 ms.
Mono: successfully reloaded assembly
- Completed reload, in  1.298 seconds
Domain Reload Profiling:
	ReloadAssembly (1298ms)
		BeginReloadAssembly (152ms)
			ExecutionOrderSort (0ms)
			DisableScriptedObjects (7ms)
			BackupInstance (0ms)
			ReleaseScriptingObjects (0ms)
			CreateAndSetChildDomain (48ms)
		EndReloadAssembly (1069ms)
			LoadAssemblies (151ms)
			RebuildTransferFunctionScriptingTraits (0ms)
			SetupTypeCache (413ms)
			ReleaseScriptCaches (1ms)
			RebuildScriptCaches (59ms)
			SetupLoadedEditorAssemblies (359ms)
				LogAssemblyErrors (0ms)
				InitializePlatformSupportModulesInManaged (6ms)
				SetLoadedEditorAssemblies (1ms)
				RefreshPlugins (1ms)
				BeforeProcessingInitializeOnLoad (65ms)
				ProcessInitializeOnLoadAttributes (268ms)
				ProcessInitializeOnLoadMethodAttributes (14ms)
				AfterProcessingInitializeOnLoad (5ms)
				EditorAssembliesLoaded (0ms)
			ExecutionOrderSort2 (0ms)
			AwakeInstancesAfterBackupRestoration (3ms)
Platform modules already initialized, skipping
Refreshing native plugins compatible for Editor in 1.25 ms, found 3 plugins.
Preloading 0 native plugins for Editor in 0.00 ms.
Unloading 2156 Unused Serialized files (Serialized files now loaded: 0)
System memory in use before: 100.4 MB.
System memory in use after: 100.5 MB.

Unloading 15 unused Assets to reduce memory usage. Loaded Objects now: 2646.
Total: 4.973400 ms (FindLiveObjects: 0.404900 ms CreateObjectMapping: 0.375800 ms MarkObjects: 4.148000 ms  DeleteObjects: 0.042000 ms)

AssetImportParameters requested are different than current active one (requested -> active):
  custom:framework-win-MediaFoundation: 216162199b28c13a410421893ffa2e32 -> 
  custom:video-decoder-ogg-theora: a1e56fd34408186e4bbccfd4996cb3dc -> 
  custom:container-muxer-webm: aa71ff27fc2769a1b78a27578f13a17b -> 
  custom:container-demuxer-webm: 4f35f7cbe854078d1ac9338744f61a02 -> 
  custom:container-demuxer-ogg: 62fdf1f143b41e24485cea50d1cbac27 -> 
  custom:video-encoder-webm-vp8: eb34c28f22e8b96e1ab97ce403110664 -> 
  custom:video-decoder-webm-vp8: 9c59270c3fd7afecdb556c50c9e8de78 -> 
  custom:audio-decoder-ogg-vorbis: bf7c407c2cedff20999df2af8eb42d56 -> 
  custom:audio-encoder-webm-vorbis: bf7c407c2cedff20999df2af8eb42d56 -> 
========================================================================
Received Import Request.
  Time since last request: 249.736902 seconds.
  path: Assets/Materials
  artifactKey: Guid(73a4a6d50bfd7204cb3be6d182d55248) Importer(815301076,1909f56bfc062723c751e8b465ee728b)
Start importing Assets/Materials using Guid(73a4a6d50bfd7204cb3be6d182d55248) Importer(815301076,1909f56bfc062723c751e8b465ee728b)  -> (artifact id: '418c6d25771bcbb938af1355163a223c') in 0.023880 seconds 
========================================================================
Received Import Request.
  Time since last request: 7.673882 seconds.
  path: Assets/Animations
  artifactKey: Guid(7e2be209c4f70e44ab46a2ed374c5765) Importer(815301076,1909f56bfc062723c751e8b465ee728b)
Start importing Assets/Animations using Guid(7e2be209c4f70e44ab46a2ed374c5765) Importer(815301076,1909f56bfc062723c751e8b465ee728b)  -> (artifact id: 'f75ab516f73e16e405e7933546249118') in 0.017978 seconds 
========================================================================
Received Prepare
Registering precompiled user dll's ...
Registered in 0.002368 seconds.
Begin MonoManager ReloadAssembly
Native extension for WindowsStandalone target not found
Refreshing native plugins compatible for Editor in 0.45 ms, found 3 plugins.
Preloading 0 native plugins for Editor in 0.00 ms.
Mono: successfully reloaded assembly
- Completed reload, in  0.872 seconds
Domain Reload Profiling:
	ReloadAssembly (872ms)
		BeginReloadAssembly (106ms)
			ExecutionOrderSort (0ms)
			DisableScriptedObjects (6ms)
			BackupInstance (0ms)
			ReleaseScriptingObjects (0ms)
			CreateAndSetChildDomain (30ms)
		EndReloadAssembly (712ms)
			LoadAssemblies (93ms)
			RebuildTransferFunctionScriptingTraits (0ms)
			SetupTypeCache (259ms)
			ReleaseScriptCaches (1ms)
			RebuildScriptCaches (40ms)
			SetupLoadedEditorAssemblies (254ms)
				LogAssemblyErrors (0ms)
				InitializePlatformSupportModulesInManaged (4ms)
				SetLoadedEditorAssemblies (0ms)
				RefreshPlugins (0ms)
				BeforeProcessingInitializeOnLoad (48ms)
				ProcessInitializeOnLoadAttributes (187ms)
				ProcessInitializeOnLoadMethodAttributes (10ms)
				AfterProcessingInitializeOnLoad (4ms)
				EditorAssembliesLoaded (0ms)
			ExecutionOrderSort2 (0ms)
			AwakeInstancesAfterBackupRestoration (2ms)
Platform modules already initialized, skipping
Refreshing native plugins compatible for Editor in 0.42 ms, found 3 plugins.
Preloading 0 native plugins for Editor in 0.00 ms.
Unloading 2156 Unused Serialized files (Serialized files now loaded: 0)
System memory in use before: 100.4 MB.
System memory in use after: 100.6 MB.

Unloading 15 unused Assets to reduce memory usage. Loaded Objects now: 2649.
Total: 2.851400 ms (FindLiveObjects: 0.169500 ms CreateObjectMapping: 0.070800 ms MarkObjects: 2.565400 ms  DeleteObjects: 0.044900 ms)

AssetImportParameters requested are different than current active one (requested -> active):
  custom:framework-win-MediaFoundation: 216162199b28c13a410421893ffa2e32 -> 
  custom:video-decoder-ogg-theora: a1e56fd34408186e4bbccfd4996cb3dc -> 
  custom:container-muxer-webm: aa71ff27fc2769a1b78a27578f13a17b -> 
  custom:container-demuxer-webm: 4f35f7cbe854078d1ac9338744f61a02 -> 
  custom:container-demuxer-ogg: 62fdf1f143b41e24485cea50d1cbac27 -> 
  custom:video-encoder-webm-vp8: eb34c28f22e8b96e1ab97ce403110664 -> 
  custom:video-decoder-webm-vp8: 9c59270c3fd7afecdb556c50c9e8de78 -> 
  custom:audio-decoder-ogg-vorbis: bf7c407c2cedff20999df2af8eb42d56 -> 
  custom:audio-encoder-webm-vorbis: bf7c407c2cedff20999df2af8eb42d56 -> 
========================================================================
Received Import Request.
  Time since last request: 11.431381 seconds.
  path: Assets/Fonts/GameTourExtended.ttf
  artifactKey: Guid(244a48a376785e945bc0ef015d2a50e4) Importer(815301076,1909f56bfc062723c751e8b465ee728b)
Start importing Assets/Fonts/GameTourExtended.ttf using Guid(244a48a376785e945bc0ef015d2a50e4) Importer(815301076,1909f56bfc062723c751e8b465ee728b)  -> (artifact id: 'bcd9c8a5750d4f0c119f0dc829cb55ca') in 0.095536 seconds 
========================================================================
Received Import Request.
  Time since last request: 29.699982 seconds.
  path: Assets/Fonts/GameTourFontLowerCase.asset
  artifactKey: Guid(402199e3b7c81fd478d8a61a6c41dcd3) Importer(815301076,1909f56bfc062723c751e8b465ee728b)
Start importing Assets/Fonts/GameTourFontLowerCase.asset using Guid(402199e3b7c81fd478d8a61a6c41dcd3) Importer(815301076,1909f56bfc062723c751e8b465ee728b)  -> (artifact id: 'ed33ab97b2c56fce7ee5e2be05ee7a89') in 0.044343 seconds 
========================================================================
Received Import Request.
  Time since last request: 36.904587 seconds.
  path: Assets/TextMesh Pro/Resources/Fonts & Materials/LiberationSans SDF - Drop Shadow.mat
  artifactKey: Guid(e73a58f6e2794ae7b1b7e50b7fb811b0) Importer(815301076,1909f56bfc062723c751e8b465ee728b)
Start importing Assets/TextMesh Pro/Resources/Fonts & Materials/LiberationSans SDF - Drop Shadow.mat using Guid(e73a58f6e2794ae7b1b7e50b7fb811b0) Importer(815301076,1909f56bfc062723c751e8b465ee728b)  -> (artifact id: '5f83cfe606f32e052ad1437fbdf4dcc0') in 0.227384 seconds 
========================================================================
Received Import Request.
  Time since last request: 0.000258 seconds.
  path: Assets/TextMesh Pro/Resources/Fonts & Materials/LiberationSans SDF - Outline.mat
  artifactKey: Guid(79459efec17a4d00a321bdcc27bbc385) Importer(815301076,1909f56bfc062723c751e8b465ee728b)
Start importing Assets/TextMesh Pro/Resources/Fonts & Materials/LiberationSans SDF - Outline.mat using Guid(79459efec17a4d00a321bdcc27bbc385) Importer(815301076,1909f56bfc062723c751e8b465ee728b)  -> (artifact id: '4240b1a4d8d8fc834c40d2846cd9d665') in 0.089242 seconds 
========================================================================
Received Import Request.
  Time since last request: 0.000312 seconds.
  path: Assets/TextMesh Pro/Resources/Fonts & Materials/LiberationSans SDF - Fallback.asset
  artifactKey: Guid(2e498d1c8094910479dc3e1b768306a4) Importer(815301076,1909f56bfc062723c751e8b465ee728b)
Start importing Assets/TextMesh Pro/Resources/Fonts & Materials/LiberationSans SDF - Fallback.asset using Guid(2e498d1c8094910479dc3e1b768306a4) Importer(815301076,1909f56bfc062723c751e8b465ee728b)  -> (artifact id: 'de74e51eb30ef70430696442a5bc621d') in 0.043989 seconds 
========================================================================
Received Import Request.
  Time since last request: 0.000279 seconds.
  path: Assets/TextMesh Pro/Resources/Fonts & Materials/LiberationSans SDF.asset
  artifactKey: Guid(8f586378b4e144a9851e7b34d9b748ee) Importer(815301076,1909f56bfc062723c751e8b465ee728b)
Start importing Assets/TextMesh Pro/Resources/Fonts & Materials/LiberationSans SDF.asset using Guid(8f586378b4e144a9851e7b34d9b748ee) Importer(815301076,1909f56bfc062723c751e8b465ee728b)  -> (artifact id: '3708434580bc37b89bcbbb5fd48faf17') in 0.048641 seconds 
========================================================================
Received Prepare
Registering precompiled user dll's ...
Registered in 0.003157 seconds.
Begin MonoManager ReloadAssembly
Native extension for WindowsStandalone target not found
Refreshing native plugins compatible for Editor in 0.52 ms, found 3 plugins.
Preloading 0 native plugins for Editor in 0.00 ms.
Mono: successfully reloaded assembly
- Completed reload, in  1.414 seconds
Domain Reload Profiling:
	ReloadAssembly (1415ms)
		BeginReloadAssembly (166ms)
			ExecutionOrderSort (0ms)
			DisableScriptedObjects (7ms)
			BackupInstance (0ms)
			ReleaseScriptingObjects (0ms)
			CreateAndSetChildDomain (63ms)
		EndReloadAssembly (1169ms)
			LoadAssemblies (151ms)
			RebuildTransferFunctionScriptingTraits (0ms)
			SetupTypeCache (494ms)
			ReleaseScriptCaches (2ms)
			RebuildScriptCaches (74ms)
			SetupLoadedEditorAssemblies (356ms)
				LogAssemblyErrors (0ms)
				InitializePlatformSupportModulesInManaged (5ms)
				SetLoadedEditorAssemblies (1ms)
				RefreshPlugins (1ms)
				BeforeProcessingInitializeOnLoad (69ms)
				ProcessInitializeOnLoadAttributes (261ms)
				ProcessInitializeOnLoadMethodAttributes (14ms)
				AfterProcessingInitializeOnLoad (5ms)
				EditorAssembliesLoaded (0ms)
			ExecutionOrderSort2 (0ms)
			AwakeInstancesAfterBackupRestoration (3ms)
Platform modules already initialized, skipping
Refreshing native plugins compatible for Editor in 0.92 ms, found 3 plugins.
Preloading 0 native plugins for Editor in 0.00 ms.
Unloading 2156 Unused Serialized files (Serialized files now loaded: 0)
System memory in use before: 100.9 MB.
System memory in use after: 101.0 MB.

Unloading 15 unused Assets to reduce memory usage. Loaded Objects now: 2690.
Total: 3.812100 ms (FindLiveObjects: 0.299800 ms CreateObjectMapping: 0.157000 ms MarkObjects: 3.325100 ms  DeleteObjects: 0.028700 ms)

AssetImportParameters requested are different than current active one (requested -> active):
  custom:framework-win-MediaFoundation: 216162199b28c13a410421893ffa2e32 -> 
  custom:video-decoder-ogg-theora: a1e56fd34408186e4bbccfd4996cb3dc -> 
  custom:container-muxer-webm: aa71ff27fc2769a1b78a27578f13a17b -> 
  custom:container-demuxer-webm: 4f35f7cbe854078d1ac9338744f61a02 -> 
  custom:container-demuxer-ogg: 62fdf1f143b41e24485cea50d1cbac27 -> 
  custom:video-encoder-webm-vp8: eb34c28f22e8b96e1ab97ce403110664 -> 
  custom:video-decoder-webm-vp8: 9c59270c3fd7afecdb556c50c9e8de78 -> 
  custom:audio-decoder-ogg-vorbis: bf7c407c2cedff20999df2af8eb42d56 -> 
  custom:audio-encoder-webm-vorbis: bf7c407c2cedff20999df2af8eb42d56 -> 
========================================================================
Received Prepare
Registering precompiled user dll's ...
Registered in 0.005969 seconds.
Begin MonoManager ReloadAssembly
Native extension for WindowsStandalone target not found
Refreshing native plugins compatible for Editor in 0.77 ms, found 3 plugins.
Preloading 0 native plugins for Editor in 0.00 ms.
Mono: successfully reloaded assembly
- Completed reload, in  2.176 seconds
Domain Reload Profiling:
	ReloadAssembly (2177ms)
		BeginReloadAssembly (371ms)
			ExecutionOrderSort (0ms)
			DisableScriptedObjects (18ms)
			BackupInstance (0ms)
			ReleaseScriptingObjects (0ms)
			CreateAndSetChildDomain (146ms)
		EndReloadAssembly (1667ms)
			LoadAssemblies (334ms)
			RebuildTransferFunctionScriptingTraits (0ms)
			SetupTypeCache (591ms)
			ReleaseScriptCaches (3ms)
			RebuildScriptCaches (78ms)
			SetupLoadedEditorAssemblies (580ms)
				LogAssemblyErrors (0ms)
				InitializePlatformSupportModulesInManaged (9ms)
				SetLoadedEditorAssemblies (2ms)
				RefreshPlugins (1ms)
				BeforeProcessingInitializeOnLoad (100ms)
				ProcessInitializeOnLoadAttributes (439ms)
				ProcessInitializeOnLoadMethodAttributes (23ms)
				AfterProcessingInitializeOnLoad (7ms)
				EditorAssembliesLoaded (0ms)
			ExecutionOrderSort2 (0ms)
			AwakeInstancesAfterBackupRestoration (5ms)
Platform modules already initialized, skipping
Refreshing native plugins compatible for Editor in 1.39 ms, found 3 plugins.
Preloading 0 native plugins for Editor in 0.00 ms.
Unloading 2156 Unused Serialized files (Serialized files now loaded: 0)
System memory in use before: 100.9 MB.
System memory in use after: 101.0 MB.

Unloading 15 unused Assets to reduce memory usage. Loaded Objects now: 2693.
Total: 6.643500 ms (FindLiveObjects: 0.519300 ms CreateObjectMapping: 0.146900 ms MarkObjects: 5.921600 ms  DeleteObjects: 0.050900 ms)

AssetImportParameters requested are different than current active one (requested -> active):
  custom:framework-win-MediaFoundation: 216162199b28c13a410421893ffa2e32 -> 
  custom:video-decoder-ogg-theora: a1e56fd34408186e4bbccfd4996cb3dc -> 
  custom:container-muxer-webm: aa71ff27fc2769a1b78a27578f13a17b -> 
  custom:container-demuxer-webm: 4f35f7cbe854078d1ac9338744f61a02 -> 
  custom:container-demuxer-ogg: 62fdf1f143b41e24485cea50d1cbac27 -> 
  custom:video-encoder-webm-vp8: eb34c28f22e8b96e1ab97ce403110664 -> 
  custom:video-decoder-webm-vp8: 9c59270c3fd7afecdb556c50c9e8de78 -> 
  custom:audio-decoder-ogg-vorbis: bf7c407c2cedff20999df2af8eb42d56 -> 
  custom:audio-encoder-webm-vorbis: bf7c407c2cedff20999df2af8eb42d56 -> 
========================================================================
Received Import Request.
  Time since last request: 2202.140074 seconds.
  path: Assets/Fonts/GameTourFontLowerCase.asset
  artifactKey: Guid(402199e3b7c81fd478d8a61a6c41dcd3) Importer(815301076,1909f56bfc062723c751e8b465ee728b)
Start importing Assets/Fonts/GameTourFontLowerCase.asset using Guid(402199e3b7c81fd478d8a61a6c41dcd3) Importer(815301076,1909f56bfc062723c751e8b465ee728b)  -> (artifact id: '6fd1c4c2c415234b234dcd6c8d07eba2') in 0.176712 seconds 
========================================================================
Received Import Request.
  Time since last request: 0.001205 seconds.
  path: Assets/Fonts/GameTourFont.asset
  artifactKey: Guid(816c57b1f01a8c84cb027b7cbfa9fed8) Importer(815301076,1909f56bfc062723c751e8b465ee728b)
Start importing Assets/Fonts/GameTourFont.asset using Guid(816c57b1f01a8c84cb027b7cbfa9fed8) Importer(815301076,1909f56bfc062723c751e8b465ee728b)  -> (artifact id: '8e791a2ee4b26d7fdf2060c2a7690892') in 0.046824 seconds 
========================================================================
Received Prepare
Registering precompiled user dll's ...
Registered in 0.002548 seconds.
Begin MonoManager ReloadAssembly
Native extension for WindowsStandalone target not found
Refreshing native plugins compatible for Editor in 0.44 ms, found 3 plugins.
Preloading 0 native plugins for Editor in 0.00 ms.
Mono: successfully reloaded assembly
- Completed reload, in  0.856 seconds
Domain Reload Profiling:
	ReloadAssembly (856ms)
		BeginReloadAssembly (108ms)
			ExecutionOrderSort (0ms)
			DisableScriptedObjects (5ms)
			BackupInstance (0ms)
			ReleaseScriptingObjects (0ms)
			CreateAndSetChildDomain (29ms)
		EndReloadAssembly (691ms)
			LoadAssemblies (92ms)
			RebuildTransferFunctionScriptingTraits (0ms)
			SetupTypeCache (251ms)
			ReleaseScriptCaches (1ms)
			RebuildScriptCaches (40ms)
			SetupLoadedEditorAssemblies (246ms)
				LogAssemblyErrors (0ms)
				InitializePlatformSupportModulesInManaged (4ms)
				SetLoadedEditorAssemblies (0ms)
				RefreshPlugins (0ms)
				BeforeProcessingInitializeOnLoad (47ms)
				ProcessInitializeOnLoadAttributes (180ms)
				ProcessInitializeOnLoadMethodAttributes (10ms)
				AfterProcessingInitializeOnLoad (4ms)
				EditorAssembliesLoaded (0ms)
			ExecutionOrderSort2 (0ms)
			AwakeInstancesAfterBackupRestoration (2ms)
Platform modules already initialized, skipping
Refreshing native plugins compatible for Editor in 0.44 ms, found 3 plugins.
Preloading 0 native plugins for Editor in 0.00 ms.
Unloading 2156 Unused Serialized files (Serialized files now loaded: 0)
System memory in use before: 100.8 MB.
System memory in use after: 101.0 MB.

Unloading 15 unused Assets to reduce memory usage. Loaded Objects now: 2698.
Total: 2.781300 ms (FindLiveObjects: 0.205500 ms CreateObjectMapping: 0.075900 ms MarkObjects: 2.478700 ms  DeleteObjects: 0.020400 ms)

AssetImportParameters requested are different than current active one (requested -> active):
  custom:framework-win-MediaFoundation: 216162199b28c13a410421893ffa2e32 -> 
  custom:video-decoder-ogg-theora: a1e56fd34408186e4bbccfd4996cb3dc -> 
  custom:container-muxer-webm: aa71ff27fc2769a1b78a27578f13a17b -> 
  custom:container-demuxer-webm: 4f35f7cbe854078d1ac9338744f61a02 -> 
  custom:container-demuxer-ogg: 62fdf1f143b41e24485cea50d1cbac27 -> 
  custom:video-encoder-webm-vp8: eb34c28f22e8b96e1ab97ce403110664 -> 
  custom:video-decoder-webm-vp8: 9c59270c3fd7afecdb556c50c9e8de78 -> 
  custom:audio-decoder-ogg-vorbis: bf7c407c2cedff20999df2af8eb42d56 -> 
  custom:audio-encoder-webm-vorbis: bf7c407c2cedff20999df2af8eb42d56 -> 
========================================================================
Received Prepare
Registering precompiled user dll's ...
Registered in 0.002346 seconds.
Begin MonoManager ReloadAssembly
Native extension for WindowsStandalone target not found
Refreshing native plugins compatible for Editor in 0.68 ms, found 3 plugins.
Preloading 0 native plugins for Editor in 0.00 ms.
Mono: successfully reloaded assembly
- Completed reload, in  1.711 seconds
Domain Reload Profiling:
	ReloadAssembly (1711ms)
		BeginReloadAssembly (196ms)
			ExecutionOrderSort (0ms)
			DisableScriptedObjects (11ms)
			BackupInstance (0ms)
			ReleaseScriptingObjects (0ms)
			CreateAndSetChildDomain (67ms)
		EndReloadAssembly (1425ms)
			LoadAssemblies (181ms)
			RebuildTransferFunctionScriptingTraits (0ms)
			SetupTypeCache (559ms)
			ReleaseScriptCaches (3ms)
			RebuildScriptCaches (78ms)
			SetupLoadedEditorAssemblies (493ms)
				LogAssemblyErrors (0ms)
				InitializePlatformSupportModulesInManaged (7ms)
				SetLoadedEditorAssemblies (1ms)
				RefreshPlugins (1ms)
				BeforeProcessingInitializeOnLoad (88ms)
				ProcessInitializeOnLoadAttributes (370ms)
				ProcessInitializeOnLoadMethodAttributes (20ms)
				AfterProcessingInitializeOnLoad (6ms)
				EditorAssembliesLoaded (0ms)
			ExecutionOrderSort2 (0ms)
			AwakeInstancesAfterBackupRestoration (5ms)
Platform modules already initialized, skipping
Refreshing native plugins compatible for Editor in 0.96 ms, found 3 plugins.
Preloading 0 native plugins for Editor in 0.00 ms.
Unloading 2156 Unused Serialized files (Serialized files now loaded: 0)
System memory in use before: 100.9 MB.
System memory in use after: 101.1 MB.

Unloading 15 unused Assets to reduce memory usage. Loaded Objects now: 2701.
Total: 4.832300 ms (FindLiveObjects: 0.311300 ms CreateObjectMapping: 0.235800 ms MarkObjects: 4.236500 ms  DeleteObjects: 0.047100 ms)

AssetImportParameters requested are different than current active one (requested -> active):
  custom:framework-win-MediaFoundation: 216162199b28c13a410421893ffa2e32 -> 
  custom:video-decoder-ogg-theora: a1e56fd34408186e4bbccfd4996cb3dc -> 
  custom:container-muxer-webm: aa71ff27fc2769a1b78a27578f13a17b -> 
  custom:container-demuxer-webm: 4f35f7cbe854078d1ac9338744f61a02 -> 
  custom:container-demuxer-ogg: 62fdf1f143b41e24485cea50d1cbac27 -> 
  custom:video-encoder-webm-vp8: eb34c28f22e8b96e1ab97ce403110664 -> 
  custom:video-decoder-webm-vp8: 9c59270c3fd7afecdb556c50c9e8de78 -> 
  custom:audio-decoder-ogg-vorbis: bf7c407c2cedff20999df2af8eb42d56 -> 
  custom:audio-encoder-webm-vorbis: bf7c407c2cedff20999df2af8eb42d56 -> 
========================================================================
Received Import Request.
  Time since last request: 324.656566 seconds.
  path: Assets/Fonts/GameTourFont.asset
  artifactKey: Guid(816c57b1f01a8c84cb027b7cbfa9fed8) Importer(815301076,1909f56bfc062723c751e8b465ee728b)
Start importing Assets/Fonts/GameTourFont.asset using Guid(816c57b1f01a8c84cb027b7cbfa9fed8) Importer(815301076,1909f56bfc062723c751e8b465ee728b)  -> (artifact id: '03936a7a38a1468193c104eb2631dfb5') in 0.173112 seconds 
========================================================================
Received Import Request.
  Time since last request: 0.000858 seconds.
  path: Assets/Fonts/GameTourFontII.asset
  artifactKey: Guid(4b95b1db1ebb5b4419d249ce29d85daf) Importer(815301076,1909f56bfc062723c751e8b465ee728b)
Start importing Assets/Fonts/GameTourFontII.asset using Guid(4b95b1db1ebb5b4419d249ce29d85daf) Importer(815301076,1909f56bfc062723c751e8b465ee728b)  -> (artifact id: '99674b4aa39d492fb84eb29b2d9a9530') in 0.055491 seconds 
========================================================================
Received Import Request.
  Time since last request: 597.238823 seconds.
  path: Assets/Fonts/GameTourFont.asset
  artifactKey: Guid(4b95b1db1ebb5b4419d249ce29d85daf) Importer(815301076,1909f56bfc062723c751e8b465ee728b)
Start importing Assets/Fonts/GameTourFont.asset using Guid(4b95b1db1ebb5b4419d249ce29d85daf) Importer(815301076,1909f56bfc062723c751e8b465ee728b)  -> (artifact id: 'fc0a4b67fefcd086ec95af8f9be46153') in 0.055752 seconds 
========================================================================
Received Prepare
Registering precompiled user dll's ...
Registered in 0.002372 seconds.
Begin MonoManager ReloadAssembly
Native extension for WindowsStandalone target not found
Refreshing native plugins compatible for Editor in 0.60 ms, found 3 plugins.
Preloading 0 native plugins for Editor in 0.00 ms.
Mono: successfully reloaded assembly
- Completed reload, in  0.881 seconds
Domain Reload Profiling:
	ReloadAssembly (882ms)
		BeginReloadAssembly (103ms)
			ExecutionOrderSort (0ms)
			DisableScriptedObjects (6ms)
			BackupInstance (0ms)
			ReleaseScriptingObjects (0ms)
			CreateAndSetChildDomain (30ms)
		EndReloadAssembly (727ms)
			LoadAssemblies (85ms)
			RebuildTransferFunctionScriptingTraits (0ms)
			SetupTypeCache (251ms)
			ReleaseScriptCaches (1ms)
			RebuildScriptCaches (42ms)
			SetupLoadedEditorAssemblies (277ms)
				LogAssemblyErrors (0ms)
				InitializePlatformSupportModulesInManaged (5ms)
				SetLoadedEditorAssemblies (0ms)
				RefreshPlugins (1ms)
				BeforeProcessingInitializeOnLoad (53ms)
				ProcessInitializeOnLoadAttributes (204ms)
				ProcessInitializeOnLoadMethodAttributes (10ms)
				AfterProcessingInitializeOnLoad (4ms)
				EditorAssembliesLoaded (0ms)
			ExecutionOrderSort2 (0ms)
			AwakeInstancesAfterBackupRestoration (2ms)
Platform modules already initialized, skipping
Refreshing native plugins compatible for Editor in 0.43 ms, found 3 plugins.
Preloading 0 native plugins for Editor in 0.00 ms.
Unloading 2156 Unused Serialized files (Serialized files now loaded: 0)
System memory in use before: 101.0 MB.
System memory in use after: 101.1 MB.

Unloading 15 unused Assets to reduce memory usage. Loaded Objects now: 2706.
Total: 2.704000 ms (FindLiveObjects: 0.174800 ms CreateObjectMapping: 0.087100 ms MarkObjects: 2.420800 ms  DeleteObjects: 0.020400 ms)

AssetImportParameters requested are different than current active one (requested -> active):
  custom:framework-win-MediaFoundation: 216162199b28c13a410421893ffa2e32 -> 
  custom:video-decoder-ogg-theora: a1e56fd34408186e4bbccfd4996cb3dc -> 
  custom:container-muxer-webm: aa71ff27fc2769a1b78a27578f13a17b -> 
  custom:container-demuxer-webm: 4f35f7cbe854078d1ac9338744f61a02 -> 
  custom:container-demuxer-ogg: 62fdf1f143b41e24485cea50d1cbac27 -> 
  custom:video-encoder-webm-vp8: eb34c28f22e8b96e1ab97ce403110664 -> 
  custom:video-decoder-webm-vp8: 9c59270c3fd7afecdb556c50c9e8de78 -> 
  custom:audio-decoder-ogg-vorbis: bf7c407c2cedff20999df2af8eb42d56 -> 
  custom:audio-encoder-webm-vorbis: bf7c407c2cedff20999df2af8eb42d56 -> 
========================================================================
Received Import Request.
  Time since last request: 484.333111 seconds.
  path: Assets/Sprite/collection/sprites-donner.png
  artifactKey: Guid(b2df5a1c28b97114db76d28ec5bb660c) Importer(815301076,1909f56bfc062723c751e8b465ee728b)
Start importing Assets/Sprite/collection/sprites-donner.png using Guid(b2df5a1c28b97114db76d28ec5bb660c) Importer(815301076,1909f56bfc062723c751e8b465ee728b)  -> (artifact id: 'cea9d2b5cfd4bda3d09b25cf474a4abc') in 0.055052 seconds 
========================================================================
Received Import Request.
  Time since last request: 175.347647 seconds.
  path: Assets/Scenes/Museum/pixil-frame-0_0.asset
  artifactKey: Guid(a679edf2caee9f44b9b533dc1b20125f) Importer(815301076,1909f56bfc062723c751e8b465ee728b)
Start importing Assets/Scenes/Museum/pixil-frame-0_0.asset using Guid(a679edf2caee9f44b9b533dc1b20125f) Importer(815301076,1909f56bfc062723c751e8b465ee728b)  -> (artifact id: '8f34aad70e6cca5b011e2e6f89ed0f1e') in 0.039354 seconds 
========================================================================
Received Import Request.
  Time since last request: 0.000379 seconds.
  path: Assets/Scenes/Museum/pixil-frame-0_15.asset
  artifactKey: Guid(1df5abdc106825e45a205aca7e69d1d5) Importer(815301076,1909f56bfc062723c751e8b465ee728b)
Start importing Assets/Scenes/Museum/pixil-frame-0_15.asset using Guid(1df5abdc106825e45a205aca7e69d1d5) Importer(815301076,1909f56bfc062723c751e8b465ee728b)  -> (artifact id: '46e74c044a9f1f3e77ac993221d11aa3') in 0.021670 seconds 
========================================================================
Received Import Request.
  Time since last request: 0.000358 seconds.
  path: Assets/Scenes/Museum/pixil-frame-0_9.asset
  artifactKey: Guid(59142fd037a18d2409f11e40f7753e51) Importer(815301076,1909f56bfc062723c751e8b465ee728b)
Start importing Assets/Scenes/Museum/pixil-frame-0_9.asset using Guid(59142fd037a18d2409f11e40f7753e51) Importer(815301076,1909f56bfc062723c751e8b465ee728b)  -> (artifact id: 'fa2533c706f9abbd586a039b73216ef1') in 0.023127 seconds 
========================================================================
Received Import Request.
  Time since last request: 0.000286 seconds.
  path: Assets/Scenes/Museum/pixil-frame-0_13.asset
  artifactKey: Guid(ffc59f59b0555564684485640e028e0d) Importer(815301076,1909f56bfc062723c751e8b465ee728b)
Start importing Assets/Scenes/Museum/pixil-frame-0_13.asset using Guid(ffc59f59b0555564684485640e028e0d) Importer(815301076,1909f56bfc062723c751e8b465ee728b)  -> (artifact id: '8c2431aa2f70ce73e65fa47840949841') in 0.019628 seconds 
========================================================================
Received Import Request.
  Time since last request: 0.000346 seconds.
  path: Assets/Scenes/Museum/pixil-frame-0_16.asset
  artifactKey: Guid(3877896d5ed42b745aa3d52890203312) Importer(815301076,1909f56bfc062723c751e8b465ee728b)
Start importing Assets/Scenes/Museum/pixil-frame-0_16.asset using Guid(3877896d5ed42b745aa3d52890203312) Importer(815301076,1909f56bfc062723c751e8b465ee728b)  -> (artifact id: 'd90ba2490833dccd3c3d0fafe15b77a0') in 0.023753 seconds 
========================================================================
Received Import Request.
  Time since last request: 0.000299 seconds.
  path: Assets/Scenes/Museum/pixil-frame-0_23.asset
  artifactKey: Guid(4fa6f3fd9d434dd4dbf0aab8d28d5500) Importer(815301076,1909f56bfc062723c751e8b465ee728b)
Start importing Assets/Scenes/Museum/pixil-frame-0_23.asset using Guid(4fa6f3fd9d434dd4dbf0aab8d28d5500) Importer(815301076,1909f56bfc062723c751e8b465ee728b)  -> (artifact id: '0add630a3ad3c46ab4b6f1a84e54714e') in 0.024254 seconds 
========================================================================
Received Import Request.
  Time since last request: 0.000494 seconds.
  path: Assets/Scenes/Museum/pixil-frame-0_21.asset
  artifactKey: Guid(6f1c3f09c8e093e45b77c485e3d20a80) Importer(815301076,1909f56bfc062723c751e8b465ee728b)
Start importing Assets/Scenes/Museum/pixil-frame-0_21.asset using Guid(6f1c3f09c8e093e45b77c485e3d20a80) Importer(815301076,1909f56bfc062723c751e8b465ee728b)  -> (artifact id: 'f22c17ee72408e0f87dbb60fe18f811c') in 0.022981 seconds 
========================================================================
Received Import Request.
  Time since last request: 0.000230 seconds.
  path: Assets/Scenes/Museum/pixil-frame-0_26.asset
  artifactKey: Guid(4066b94cec994a742be31fa1357a8fda) Importer(815301076,1909f56bfc062723c751e8b465ee728b)
Start importing Assets/Scenes/Museum/pixil-frame-0_26.asset using Guid(4066b94cec994a742be31fa1357a8fda) Importer(815301076,1909f56bfc062723c751e8b465ee728b)  -> (artifact id: 'ab23e2ca721f05b1bc672ec01c04eca0') in 0.024834 seconds 
========================================================================
Received Import Request.
  Time since last request: 0.000287 seconds.
  path: Assets/Scenes/Museum/pixil-frame-0_3.asset
  artifactKey: Guid(945135065a5a7ed4ca22b624cf484d2b) Importer(815301076,1909f56bfc062723c751e8b465ee728b)
Start importing Assets/Scenes/Museum/pixil-frame-0_3.asset using Guid(945135065a5a7ed4ca22b624cf484d2b) Importer(815301076,1909f56bfc062723c751e8b465ee728b)  -> (artifact id: '555577404fb85575cd536b6be1118a63') in 0.017966 seconds 
========================================================================
Received Import Request.
  Time since last request: 0.000347 seconds.
  path: Assets/Scenes/Museum/pixil-frame-0_25.asset
  artifactKey: Guid(eaf46b40d981221408341808137db830) Importer(815301076,1909f56bfc062723c751e8b465ee728b)
Start importing Assets/Scenes/Museum/pixil-frame-0_25.asset using Guid(eaf46b40d981221408341808137db830) Importer(815301076,1909f56bfc062723c751e8b465ee728b)  -> (artifact id: '3d469a7d8c2476bed5041dd5044c446e') in 0.022768 seconds 
========================================================================
Received Import Request.
  Time since last request: 0.000550 seconds.
  path: Assets/Scenes/Museum/pixil-frame-0_12.asset
  artifactKey: Guid(731635679c3e8d44ca6ba4fda14f3bc2) Importer(815301076,1909f56bfc062723c751e8b465ee728b)
Start importing Assets/Scenes/Museum/pixil-frame-0_12.asset using Guid(731635679c3e8d44ca6ba4fda14f3bc2) Importer(815301076,1909f56bfc062723c751e8b465ee728b)  -> (artifact id: '7fbad9db5c94420f93f962063a4b3bbf') in 0.028278 seconds 
========================================================================
Received Import Request.
  Time since last request: 0.000271 seconds.
  path: Assets/Scenes/Museum/pixil-frame-0_20.asset
  artifactKey: Guid(02a5a934522bc034fa6d1ac6f6daecbd) Importer(815301076,1909f56bfc062723c751e8b465ee728b)
Start importing Assets/Scenes/Museum/pixil-frame-0_20.asset using Guid(02a5a934522bc034fa6d1ac6f6daecbd) Importer(815301076,1909f56bfc062723c751e8b465ee728b)  -> (artifact id: '21cefba3d2b20e69edb7d72c0481f81b') in 0.026053 seconds 
========================================================================
Received Import Request.
  Time since last request: 0.000334 seconds.
  path: Assets/Scenes/Museum/pixil-frame-0_22.asset
  artifactKey: Guid(55eac03526f7e044398c3122bc7ca62d) Importer(815301076,1909f56bfc062723c751e8b465ee728b)
Start importing Assets/Scenes/Museum/pixil-frame-0_22.asset using Guid(55eac03526f7e044398c3122bc7ca62d) Importer(815301076,1909f56bfc062723c751e8b465ee728b)  -> (artifact id: '88bbe9750731d5174fb0fb30b0eb5485') in 0.027179 seconds 
========================================================================
Received Import Request.
  Time since last request: 0.000330 seconds.
  path: Assets/Scenes/Museum/pixil-frame-0_1.asset
  artifactKey: Guid(d667ad641c5b12c40a3cc368a43ac7da) Importer(815301076,1909f56bfc062723c751e8b465ee728b)
Start importing Assets/Scenes/Museum/pixil-frame-0_1.asset using Guid(d667ad641c5b12c40a3cc368a43ac7da) Importer(815301076,1909f56bfc062723c751e8b465ee728b)  -> (artifact id: '5a03ba309ce5791b7b04f1dca63f742d') in 0.022947 seconds 
========================================================================
Received Import Request.
  Time since last request: 0.000395 seconds.
  path: Assets/Scenes/Museum/pixil-frame-0_4.asset
  artifactKey: Guid(eaf890e8647879b40a247ef267e1e619) Importer(815301076,1909f56bfc062723c751e8b465ee728b)
Start importing Assets/Scenes/Museum/pixil-frame-0_4.asset using Guid(eaf890e8647879b40a247ef267e1e619) Importer(815301076,1909f56bfc062723c751e8b465ee728b)  -> (artifact id: '9d8ea21ecdf30d3af92f3c7996a30bd1') in 0.022736 seconds 
========================================================================
Received Import Request.
  Time since last request: 0.000290 seconds.
  path: Assets/Scenes/Museum/pixil-frame-0_7.asset
  artifactKey: Guid(116160a542c64d64b8faf9bb500710f3) Importer(815301076,1909f56bfc062723c751e8b465ee728b)
Start importing Assets/Scenes/Museum/pixil-frame-0_7.asset using Guid(116160a542c64d64b8faf9bb500710f3) Importer(815301076,1909f56bfc062723c751e8b465ee728b)  -> (artifact id: 'db43a58df3feccc538984dc3c4a9fb9c') in 0.023929 seconds 
========================================================================
Received Import Request.
  Time since last request: 0.000361 seconds.
  path: Assets/Scenes/Museum/pixil-frame-0_24.asset
  artifactKey: Guid(524e32d70d0dd884295f420939b85b53) Importer(815301076,1909f56bfc062723c751e8b465ee728b)
Start importing Assets/Scenes/Museum/pixil-frame-0_24.asset using Guid(524e32d70d0dd884295f420939b85b53) Importer(815301076,1909f56bfc062723c751e8b465ee728b)  -> (artifact id: 'c6a6d944adbb082e5b9bfb248d0d3124') in 0.020897 seconds 
========================================================================
Received Import Request.
  Time since last request: 0.000279 seconds.
  path: Assets/Scenes/Museum/pixil-frame-0_5.asset
  artifactKey: Guid(c2f33b3dd88d969498514d8cd322d56c) Importer(815301076,1909f56bfc062723c751e8b465ee728b)
Start importing Assets/Scenes/Museum/pixil-frame-0_5.asset using Guid(c2f33b3dd88d969498514d8cd322d56c) Importer(815301076,1909f56bfc062723c751e8b465ee728b)  -> (artifact id: 'bca42b164d79bc67b76396f6f17cb355') in 0.020390 seconds 
========================================================================
Received Import Request.
  Time since last request: 0.000162 seconds.
  path: Assets/Scenes/Museum/pixil-frame-0_6.asset
  artifactKey: Guid(2d8682be9fed44a419e70023b66477f2) Importer(815301076,1909f56bfc062723c751e8b465ee728b)
Start importing Assets/Scenes/Museum/pixil-frame-0_6.asset using Guid(2d8682be9fed44a419e70023b66477f2) Importer(815301076,1909f56bfc062723c751e8b465ee728b)  -> (artifact id: '8798f4dabc0e60d5c7503e4280383702') in 0.017988 seconds 
========================================================================
Received Import Request.
  Time since last request: 0.000981 seconds.
  path: Assets/Scenes/Museum/pixil-frame-0_10.asset
  artifactKey: Guid(97f194ccd9521e5489c154945bf4b881) Importer(815301076,1909f56bfc062723c751e8b465ee728b)
Start importing Assets/Scenes/Museum/pixil-frame-0_10.asset using Guid(97f194ccd9521e5489c154945bf4b881) Importer(815301076,1909f56bfc062723c751e8b465ee728b)  -> (artifact id: '7aaf058795f06400b92ba5676766f5df') in 0.019196 seconds 
========================================================================
Received Import Request.
  Time since last request: 0.000268 seconds.
  path: Assets/Scenes/Museum/pixil-frame-0_11.asset
  artifactKey: Guid(9e5e58fd7a8e7174b8820018c971c181) Importer(815301076,1909f56bfc062723c751e8b465ee728b)
Start importing Assets/Scenes/Museum/pixil-frame-0_11.asset using Guid(9e5e58fd7a8e7174b8820018c971c181) Importer(815301076,1909f56bfc062723c751e8b465ee728b)  -> (artifact id: '83dc30833f1f032025e5bdb69e1f0a44') in 0.022523 seconds 
========================================================================
Received Import Request.
  Time since last request: 0.000368 seconds.
  path: Assets/Scenes/Museum/pixil-frame-0_8.asset
  artifactKey: Guid(4a6d3506609a523499057421bfcf43aa) Importer(815301076,1909f56bfc062723c751e8b465ee728b)
Start importing Assets/Scenes/Museum/pixil-frame-0_8.asset using Guid(4a6d3506609a523499057421bfcf43aa) Importer(815301076,1909f56bfc062723c751e8b465ee728b)  -> (artifact id: '88747251bc586a1321a380027b3b6889') in 0.019225 seconds 
========================================================================
Received Import Request.
  Time since last request: 0.000209 seconds.
  path: Assets/Scenes/Museum/pixil-frame-0_19.asset
  artifactKey: Guid(8026138e8ef895041be1ea05bc040296) Importer(815301076,1909f56bfc062723c751e8b465ee728b)
Start importing Assets/Scenes/Museum/pixil-frame-0_19.asset using Guid(8026138e8ef895041be1ea05bc040296) Importer(815301076,1909f56bfc062723c751e8b465ee728b)  -> (artifact id: '713d6f5f0c4a7e041c677ddfe00e946c') in 0.018600 seconds 
========================================================================
Received Import Request.
  Time since last request: 0.000332 seconds.
  path: Assets/Scenes/Museum/pixil-frame-0_14.asset
  artifactKey: Guid(7e3b0bc926b431f4eac946d2b6ce4a9d) Importer(815301076,1909f56bfc062723c751e8b465ee728b)
Start importing Assets/Scenes/Museum/pixil-frame-0_14.asset using Guid(7e3b0bc926b431f4eac946d2b6ce4a9d) Importer(815301076,1909f56bfc062723c751e8b465ee728b)  -> (artifact id: '7fa0fd393e82a4f7d71b121cbdcb0a9f') in 0.019076 seconds 
========================================================================
Received Import Request.
  Time since last request: 0.000229 seconds.
  path: Assets/Scenes/Museum/pixil-frame-0_18.asset
  artifactKey: Guid(8099f5ee0de44c344bea9118695b6ab8) Importer(815301076,1909f56bfc062723c751e8b465ee728b)
Start importing Assets/Scenes/Museum/pixil-frame-0_18.asset using Guid(8099f5ee0de44c344bea9118695b6ab8) Importer(815301076,1909f56bfc062723c751e8b465ee728b)  -> (artifact id: '48a1fcbdd8a52ee462db7bbc6c2db603') in 0.020126 seconds 
========================================================================
Received Import Request.
  Time since last request: 0.000334 seconds.
  path: Assets/Scenes/Museum/pixil-frame-0_17.asset
  artifactKey: Guid(dd80dfc570bf3b142a57828111e8787b) Importer(815301076,1909f56bfc062723c751e8b465ee728b)
Start importing Assets/Scenes/Museum/pixil-frame-0_17.asset using Guid(dd80dfc570bf3b142a57828111e8787b) Importer(815301076,1909f56bfc062723c751e8b465ee728b)  -> (artifact id: 'ce717497b5483b1385e0b0eb1f772628') in 0.021986 seconds 
========================================================================
Received Import Request.
  Time since last request: 0.000251 seconds.
  path: Assets/Scenes/Museum/pixil-frame-0_2.asset
  artifactKey: Guid(063c014f6be2e1e4584002fee691a79f) Importer(815301076,1909f56bfc062723c751e8b465ee728b)
Start importing Assets/Scenes/Museum/pixil-frame-0_2.asset using Guid(063c014f6be2e1e4584002fee691a79f) Importer(815301076,1909f56bfc062723c751e8b465ee728b)  -> (artifact id: '12adf97f399282391b89698795d296b3') in 0.021909 seconds 
========================================================================
Received Import Request.
  Time since last request: 904.287135 seconds.
  path: Assets/Sprite/characters
  artifactKey: Guid(74ab454fe6d9c7b4baac035f25ce309f) Importer(815301076,1909f56bfc062723c751e8b465ee728b)
Start importing Assets/Sprite/characters using Guid(74ab454fe6d9c7b4baac035f25ce309f) Importer(815301076,1909f56bfc062723c751e8b465ee728b)  -> (artifact id: 'bb3825dc6482f491b4346cd009ba962b') in 0.024150 seconds 
========================================================================
Received Import Request.
  Time since last request: 0.032474 seconds.
  path: Assets/Sprite/characters/claudio.png
  artifactKey: Guid(cfbd234442f26ca4b9469d67a53c3e1f) Importer(815301076,1909f56bfc062723c751e8b465ee728b)
Start importing Assets/Sprite/characters/claudio.png using Guid(cfbd234442f26ca4b9469d67a53c3e1f) Importer(815301076,1909f56bfc062723c751e8b465ee728b)  -> (artifact id: '5b14e4079bae57142715e55d615d9d37') in 0.026855 seconds 
========================================================================
Received Import Request.
  Time since last request: 0.000221 seconds.
  path: Assets/Sprite/characters/principal_anim.png
  artifactKey: Guid(0f3cd63d9e8dd9547a45461d51914862) Importer(815301076,1909f56bfc062723c751e8b465ee728b)
Start importing Assets/Sprite/characters/principal_anim.png using Guid(0f3cd63d9e8dd9547a45461d51914862) Importer(815301076,1909f56bfc062723c751e8b465ee728b)  -> (artifact id: '37551384e6c655b2eff34426b5c3863f') in 0.046975 seconds 
========================================================================
Received Import Request.
  Time since last request: 0.000230 seconds.
  path: Assets/Sprite/characters/manzato.png
  artifactKey: Guid(92d479d8bc37079479af77134626022e) Importer(815301076,1909f56bfc062723c751e8b465ee728b)
Start importing Assets/Sprite/characters/manzato.png using Guid(92d479d8bc37079479af77134626022e) Importer(815301076,1909f56bfc062723c751e8b465ee728b)  -> (artifact id: '09695118cfbdc924475569759f07d2b0') in 0.031354 seconds 
========================================================================
Received Prepare
Registering precompiled user dll's ...
Registered in 0.002671 seconds.
Begin MonoManager ReloadAssembly
Native extension for WindowsStandalone target not found
Refreshing native plugins compatible for Editor in 0.44 ms, found 3 plugins.
Preloading 0 native plugins for Editor in 0.00 ms.
Mono: successfully reloaded assembly
- Completed reload, in  0.868 seconds
Domain Reload Profiling:
	ReloadAssembly (868ms)
		BeginReloadAssembly (117ms)
			ExecutionOrderSort (0ms)
			DisableScriptedObjects (6ms)
			BackupInstance (0ms)
			ReleaseScriptingObjects (0ms)
			CreateAndSetChildDomain (31ms)
		EndReloadAssembly (699ms)
			LoadAssemblies (98ms)
			RebuildTransferFunctionScriptingTraits (0ms)
			SetupTypeCache (247ms)
			ReleaseScriptCaches (1ms)
			RebuildScriptCaches (40ms)
			SetupLoadedEditorAssemblies (259ms)
				LogAssemblyErrors (0ms)
				InitializePlatformSupportModulesInManaged (4ms)
				SetLoadedEditorAssemblies (0ms)
				RefreshPlugins (0ms)
				BeforeProcessingInitializeOnLoad (50ms)
				ProcessInitializeOnLoadAttributes (191ms)
				ProcessInitializeOnLoadMethodAttributes (9ms)
				AfterProcessingInitializeOnLoad (4ms)
				EditorAssembliesLoaded (0ms)
			ExecutionOrderSort2 (0ms)
			AwakeInstancesAfterBackupRestoration (2ms)
Platform modules already initialized, skipping
Refreshing native plugins compatible for Editor in 0.43 ms, found 3 plugins.
Preloading 0 native plugins for Editor in 0.00 ms.
Unloading 2156 Unused Serialized files (Serialized files now loaded: 0)
System memory in use before: 101.1 MB.
System memory in use after: 101.2 MB.

Unloading 15 unused Assets to reduce memory usage. Loaded Objects now: 2717.
Total: 2.547000 ms (FindLiveObjects: 0.179800 ms CreateObjectMapping: 0.083500 ms MarkObjects: 2.262100 ms  DeleteObjects: 0.020800 ms)

AssetImportParameters requested are different than current active one (requested -> active):
  custom:framework-win-MediaFoundation: 216162199b28c13a410421893ffa2e32 -> 
  custom:video-decoder-ogg-theora: a1e56fd34408186e4bbccfd4996cb3dc -> 
  custom:container-muxer-webm: aa71ff27fc2769a1b78a27578f13a17b -> 
  custom:container-demuxer-webm: 4f35f7cbe854078d1ac9338744f61a02 -> 
  custom:container-demuxer-ogg: 62fdf1f143b41e24485cea50d1cbac27 -> 
  custom:video-encoder-webm-vp8: eb34c28f22e8b96e1ab97ce403110664 -> 
  custom:video-decoder-webm-vp8: 9c59270c3fd7afecdb556c50c9e8de78 -> 
  custom:audio-decoder-ogg-vorbis: bf7c407c2cedff20999df2af8eb42d56 -> 
  custom:audio-encoder-webm-vorbis: bf7c407c2cedff20999df2af8eb42d56 -> 
========================================================================
Received Import Request.
  Time since last request: 9.119530 seconds.
  path: Assets/Sprite/characters/claudio.png
  artifactKey: Guid(cfbd234442f26ca4b9469d67a53c3e1f) Importer(815301076,1909f56bfc062723c751e8b465ee728b)
Start importing Assets/Sprite/characters/claudio.png using Guid(cfbd234442f26ca4b9469d67a53c3e1f) Importer(815301076,1909f56bfc062723c751e8b465ee728b)  -> (artifact id: '6216f8582329b38df0eb6f5aec5a1b77') in 0.058072 seconds 
========================================================================
Received Import Request.
  Time since last request: 72.318310 seconds.
  path: Assets/Sprite/characters/claudio.png
  artifactKey: Guid(cfbd234442f26ca4b9469d67a53c3e1f) Importer(815301076,1909f56bfc062723c751e8b465ee728b)
Start importing Assets/Sprite/characters/claudio.png using Guid(cfbd234442f26ca4b9469d67a53c3e1f) Importer(815301076,1909f56bfc062723c751e8b465ee728b)  -> (artifact id: '3fda9d95f8df41d28e601f5cd5a73498') in 0.016406 seconds 
========================================================================
Received Import Request.
  Time since last request: 259.338427 seconds.
  path: Assets/Sprite/characters/claudio.png
  artifactKey: Guid(cfbd234442f26ca4b9469d67a53c3e1f) Importer(815301076,1909f56bfc062723c751e8b465ee728b)
Start importing Assets/Sprite/characters/claudio.png using Guid(cfbd234442f26ca4b9469d67a53c3e1f) Importer(815301076,1909f56bfc062723c751e8b465ee728b)  -> (artifact id: '5284981274aaf3c492d3a0413cb0adc7') in 0.025771 seconds 
========================================================================
Received Import Request.
  Time since last request: 36.322967 seconds.
  path: Assets/Sprite/characters/claudio.png
  artifactKey: Guid(cfbd234442f26ca4b9469d67a53c3e1f) Importer(815301076,1909f56bfc062723c751e8b465ee728b)
Start importing Assets/Sprite/characters/claudio.png using Guid(cfbd234442f26ca4b9469d67a53c3e1f) Importer(815301076,1909f56bfc062723c751e8b465ee728b)  -> (artifact id: '22f037fb6d042892d7017b188456f444') in 0.015496 seconds 
========================================================================
Received Import Request.
  Time since last request: 123.285748 seconds.
  path: Assets/Scripts/npcLookScript.cs
  artifactKey: Guid(1124f64890823b74c832f02a15385d4c) Importer(815301076,1909f56bfc062723c751e8b465ee728b)
Start importing Assets/Scripts/npcLookScript.cs using Guid(1124f64890823b74c832f02a15385d4c) Importer(815301076,1909f56bfc062723c751e8b465ee728b)  -> (artifact id: '1417f3178843fae8c1b19445f73e971a') in 0.028518 seconds 
========================================================================
Received Prepare
Registering precompiled user dll's ...
Registered in 0.002304 seconds.
Begin MonoManager ReloadAssembly
Native extension for WindowsStandalone target not found
Refreshing native plugins compatible for Editor in 0.46 ms, found 3 plugins.
Preloading 0 native plugins for Editor in 0.00 ms.
Mono: successfully reloaded assembly
- Completed reload, in  0.898 seconds
Domain Reload Profiling:
	ReloadAssembly (898ms)
		BeginReloadAssembly (105ms)
			ExecutionOrderSort (0ms)
			DisableScriptedObjects (6ms)
			BackupInstance (0ms)
			ReleaseScriptingObjects (0ms)
			CreateAndSetChildDomain (32ms)
		EndReloadAssembly (740ms)
			LoadAssemblies (88ms)
			RebuildTransferFunctionScriptingTraits (0ms)
			SetupTypeCache (273ms)
			ReleaseScriptCaches (1ms)
			RebuildScriptCaches (40ms)
			SetupLoadedEditorAssemblies (272ms)
				LogAssemblyErrors (0ms)
				InitializePlatformSupportModulesInManaged (4ms)
				SetLoadedEditorAssemblies (0ms)
				RefreshPlugins (0ms)
				BeforeProcessingInitializeOnLoad (49ms)
				ProcessInitializeOnLoadAttributes (203ms)
				ProcessInitializeOnLoadMethodAttributes (11ms)
				AfterProcessingInitializeOnLoad (4ms)
				EditorAssembliesLoaded (0ms)
			ExecutionOrderSort2 (0ms)
			AwakeInstancesAfterBackupRestoration (3ms)
Platform modules already initialized, skipping
Refreshing native plugins compatible for Editor in 0.43 ms, found 3 plugins.
Preloading 0 native plugins for Editor in 0.00 ms.
Unloading 2157 Unused Serialized files (Serialized files now loaded: 0)
System memory in use before: 101.2 MB.
System memory in use after: 101.4 MB.

Unloading 15 unused Assets to reduce memory usage. Loaded Objects now: 2723.
Total: 2.950400 ms (FindLiveObjects: 0.222700 ms CreateObjectMapping: 0.116000 ms MarkObjects: 2.579400 ms  DeleteObjects: 0.031200 ms)

AssetImportParameters requested are different than current active one (requested -> active):
  custom:framework-win-MediaFoundation: 216162199b28c13a410421893ffa2e32 -> 
  custom:video-decoder-ogg-theora: a1e56fd34408186e4bbccfd4996cb3dc -> 
  custom:container-muxer-webm: aa71ff27fc2769a1b78a27578f13a17b -> 
  custom:container-demuxer-webm: 4f35f7cbe854078d1ac9338744f61a02 -> 
  custom:container-demuxer-ogg: 62fdf1f143b41e24485cea50d1cbac27 -> 
  custom:video-encoder-webm-vp8: eb34c28f22e8b96e1ab97ce403110664 -> 
  custom:video-decoder-webm-vp8: 9c59270c3fd7afecdb556c50c9e8de78 -> 
  custom:audio-decoder-ogg-vorbis: bf7c407c2cedff20999df2af8eb42d56 -> 
  custom:audio-encoder-webm-vorbis: bf7c407c2cedff20999df2af8eb42d56 -> 
========================================================================
Received Import Request.
  Time since last request: 101.057330 seconds.
  path: Assets/Scripts/Player.cs
  artifactKey: Guid(74a7dee062254bf4994a6ec8da886851) Importer(815301076,1909f56bfc062723c751e8b465ee728b)
Start importing Assets/Scripts/Player.cs using Guid(74a7dee062254bf4994a6ec8da886851) Importer(815301076,1909f56bfc062723c751e8b465ee728b)  -> (artifact id: 'd206dca318aca65a54948afe64d43807') in 0.014788 seconds 
========================================================================
Received Import Request.
  Time since last request: 346.847673 seconds.
  path: Assets/Scripts/Dialogue
  artifactKey: Guid(a736303bf60de144facddc0bc8e9190e) Importer(815301076,1909f56bfc062723c751e8b465ee728b)
Start importing Assets/Scripts/Dialogue using Guid(a736303bf60de144facddc0bc8e9190e) Importer(815301076,1909f56bfc062723c751e8b465ee728b)  -> (artifact id: 'f28e47614b6439bc152d771786f22afe') in 0.018779 seconds 
========================================================================
Received Import Request.
  Time since last request: 2.524272 seconds.
  path: Assets/Scripts/Dialogue/DialogueSystem.cs
  artifactKey: Guid(52225bedd1f8d654fb65b3b5b130b024) Importer(815301076,1909f56bfc062723c751e8b465ee728b)
Start importing Assets/Scripts/Dialogue/DialogueSystem.cs using Guid(52225bedd1f8d654fb65b3b5b130b024) Importer(815301076,1909f56bfc062723c751e8b465ee728b)  -> (artifact id: 'dc592d29d0e0b94bcedf3018d5c2e2d7') in 0.013770 seconds 
========================================================================
Received Import Request.
  Time since last request: 16.493723 seconds.
  path: Assets/Scripts/DialogueAreaCheck.cs
  artifactKey: Guid(97e12ef55a0bace468959079da7b68ee) Importer(815301076,1909f56bfc062723c751e8b465ee728b)
Start importing Assets/Scripts/DialogueAreaCheck.cs using Guid(97e12ef55a0bace468959079da7b68ee) Importer(815301076,1909f56bfc062723c751e8b465ee728b)  -> (artifact id: '98b269db028421d503e46b568580e0ed') in 0.015556 seconds 
========================================================================
Received Prepare
Registering precompiled user dll's ...
Registered in 0.002354 seconds.
Begin MonoManager ReloadAssembly
Native extension for WindowsStandalone target not found
Refreshing native plugins compatible for Editor in 0.43 ms, found 3 plugins.
Preloading 0 native plugins for Editor in 0.00 ms.
Mono: successfully reloaded assembly
- Completed reload, in  0.886 seconds
Domain Reload Profiling:
	ReloadAssembly (887ms)
		BeginReloadAssembly (103ms)
			ExecutionOrderSort (0ms)
			DisableScriptedObjects (7ms)
			BackupInstance (0ms)
			ReleaseScriptingObjects (0ms)
			CreateAndSetChildDomain (28ms)
		EndReloadAssembly (722ms)
			LoadAssemblies (90ms)
			RebuildTransferFunctionScriptingTraits (0ms)
			SetupTypeCache (268ms)
			ReleaseScriptCaches (1ms)
			RebuildScriptCaches (40ms)
			SetupLoadedEditorAssemblies (258ms)
				LogAssemblyErrors (0ms)
				InitializePlatformSupportModulesInManaged (4ms)
				SetLoadedEditorAssemblies (0ms)
				RefreshPlugins (0ms)
				BeforeProcessingInitializeOnLoad (54ms)
				ProcessInitializeOnLoadAttributes (186ms)
				ProcessInitializeOnLoadMethodAttributes (10ms)
				AfterProcessingInitializeOnLoad (4ms)
				EditorAssembliesLoaded (0ms)
			ExecutionOrderSort2 (0ms)
			AwakeInstancesAfterBackupRestoration (2ms)
Platform modules already initialized, skipping
Refreshing native plugins compatible for Editor in 0.48 ms, found 3 plugins.
Preloading 0 native plugins for Editor in 0.00 ms.
Unloading 2157 Unused Serialized files (Serialized files now loaded: 0)
System memory in use before: 101.1 MB.
System memory in use after: 101.3 MB.

Unloading 15 unused Assets to reduce memory usage. Loaded Objects now: 2726.
Total: 2.981100 ms (FindLiveObjects: 0.211600 ms CreateObjectMapping: 0.101000 ms MarkObjects: 2.642300 ms  DeleteObjects: 0.024500 ms)

AssetImportParameters requested are different than current active one (requested -> active):
  custom:framework-win-MediaFoundation: 216162199b28c13a410421893ffa2e32 -> 
  custom:video-decoder-ogg-theora: a1e56fd34408186e4bbccfd4996cb3dc -> 
  custom:container-muxer-webm: aa71ff27fc2769a1b78a27578f13a17b -> 
  custom:container-demuxer-webm: 4f35f7cbe854078d1ac9338744f61a02 -> 
  custom:container-demuxer-ogg: 62fdf1f143b41e24485cea50d1cbac27 -> 
  custom:video-encoder-webm-vp8: eb34c28f22e8b96e1ab97ce403110664 -> 
  custom:video-decoder-webm-vp8: 9c59270c3fd7afecdb556c50c9e8de78 -> 
  custom:audio-decoder-ogg-vorbis: bf7c407c2cedff20999df2af8eb42d56 -> 
  custom:audio-encoder-webm-vorbis: bf7c407c2cedff20999df2af8eb42d56 -> 
========================================================================
Received Prepare
Registering precompiled user dll's ...
Registered in 0.002432 seconds.
Begin MonoManager ReloadAssembly
Native extension for WindowsStandalone target not found
Refreshing native plugins compatible for Editor in 0.48 ms, found 3 plugins.
Preloading 0 native plugins for Editor in 0.00 ms.
Mono: successfully reloaded assembly
- Completed reload, in  0.906 seconds
Domain Reload Profiling:
	ReloadAssembly (906ms)
		BeginReloadAssembly (108ms)
			ExecutionOrderSort (0ms)
			DisableScriptedObjects (6ms)
			BackupInstance (0ms)
			ReleaseScriptingObjects (0ms)
			CreateAndSetChildDomain (32ms)
		EndReloadAssembly (744ms)
			LoadAssemblies (97ms)
			RebuildTransferFunctionScriptingTraits (0ms)
			SetupTypeCache (279ms)
			ReleaseScriptCaches (1ms)
			RebuildScriptCaches (42ms)
			SetupLoadedEditorAssemblies (253ms)
				LogAssemblyErrors (0ms)
				InitializePlatformSupportModulesInManaged (4ms)
				SetLoadedEditorAssemblies (0ms)
				RefreshPlugins (1ms)
				BeforeProcessingInitializeOnLoad (49ms)
				ProcessInitializeOnLoadAttributes (186ms)
				ProcessInitializeOnLoadMethodAttributes (10ms)
				AfterProcessingInitializeOnLoad (4ms)
				EditorAssembliesLoaded (0ms)
			ExecutionOrderSort2 (0ms)
			AwakeInstancesAfterBackupRestoration (2ms)
Platform modules already initialized, skipping
Refreshing native plugins compatible for Editor in 0.46 ms, found 3 plugins.
Preloading 0 native plugins for Editor in 0.00 ms.
Unloading 2157 Unused Serialized files (Serialized files now loaded: 0)
System memory in use before: 101.2 MB.
System memory in use after: 101.4 MB.

Unloading 15 unused Assets to reduce memory usage. Loaded Objects now: 2729.
Total: 2.879200 ms (FindLiveObjects: 0.203000 ms CreateObjectMapping: 0.093000 ms MarkObjects: 2.558300 ms  DeleteObjects: 0.023900 ms)

AssetImportParameters requested are different than current active one (requested -> active):
  custom:framework-win-MediaFoundation: 216162199b28c13a410421893ffa2e32 -> 
  custom:video-decoder-ogg-theora: a1e56fd34408186e4bbccfd4996cb3dc -> 
  custom:container-muxer-webm: aa71ff27fc2769a1b78a27578f13a17b -> 
  custom:container-demuxer-webm: 4f35f7cbe854078d1ac9338744f61a02 -> 
  custom:container-demuxer-ogg: 62fdf1f143b41e24485cea50d1cbac27 -> 
  custom:video-encoder-webm-vp8: eb34c28f22e8b96e1ab97ce403110664 -> 
  custom:video-decoder-webm-vp8: 9c59270c3fd7afecdb556c50c9e8de78 -> 
  custom:audio-decoder-ogg-vorbis: bf7c407c2cedff20999df2af8eb42d56 -> 
  custom:audio-encoder-webm-vorbis: bf7c407c2cedff20999df2af8eb42d56 -> 
AssetImportWorkerClient::OnTransportError - code=2 error=End of file
